# JRE version: Java(TM) SE Runtime Environment (8.0_141-b15) (build 1.8.0_141-b15)
# Java VM: Java HotSpot(TM) 64-Bit Server VM (25.141-b15 mixed mode bsd-amd64 compressed oops)
Heap:
 PSYoungGen      total 269312K, used 35185K [0x000000076ab00000, 0x000000077bf00000, 0x00000007c0000000)
  eden space 260608K, 12% used [0x000000076ab00000,0x000000076cb07410,0x000000077a980000)
  from space 8704K, 27% used [0x000000077b380000,0x000000077b5d5280,0x000000077bc00000)
  to   space 10240K, 0% used [0x000000077a980000,0x000000077a980000,0x000000077b380000)
 ParOldGen       total 175104K, used 69528K [0x00000006c0000000, 0x00000006cab00000, 0x000000076ab00000)
  object space 175104K, 39% used [0x00000006c0000000,0x00000006c43e6118,0x00000006cab00000)
 Metaspace       used 15136K, capacity 15596K, committed 15872K, reserved 1062912K
  class space    used 1872K, capacity 1972K, committed 2048K, reserved 1048576K
GC Heap History (10 events):
Event: 3.701 GC heap before
{Heap before GC invocations=2 (full 0):
 PSYoungGen      total 76288K, used 73987K [0x000000076ab00000, 0x0000000770000000, 0x00000007c0000000)
  eden space 65536K, 100% used [0x000000076ab00000,0x000000076eb00000,0x000000076eb00000)
  from space 10752K, 78% used [0x000000076eb00000,0x000000076f340ca8,0x000000076f580000)
  to   space 10752K, 0% used [0x000000076f580000,0x000000076f580000,0x0000000770000000)
 ParOldGen       total 175104K, used 25282K [0x00000006c0000000, 0x00000006cab00000, 0x000000076ab00000)
  object space 175104K, 14% used [0x00000006c0000000,0x00000006c18b0920,0x00000006cab00000)
 Metaspace       used 11780K, capacity 12102K, committed 12288K, reserved 1060864K
  class space    used 1432K, capacity 1491K, committed 1536K, reserved 1048576K
Event: 3.729 GC heap after
Heap after GC invocations=2 (full 0):
 PSYoungGen      total 76288K, used 8387K [0x000000076ab00000, 0x0000000774000000, 0x00000007c0000000)
  eden space 65536K, 0% used [0x000000076ab00000,0x000000076ab00000,0x000000076eb00000)
  from space 10752K, 78% used [0x000000076f580000,0x000000076fdb0cc8,0x0000000770000000)
  to   space 10752K, 0% used [0x000000076eb00000,0x000000076eb00000,0x000000076f580000)
 ParOldGen       total 175104K, used 69520K [0x00000006c0000000, 0x00000006cab00000, 0x000000076ab00000)
  object space 175104K, 39% used [0x00000006c0000000,0x00000006c43e4118,0x00000006cab00000)
 Metaspace       used 11780K, capacity 12102K, committed 12288K, reserved 1060864K
  class space    used 1432K, capacity 1491K, committed 1536K, reserved 1048576K
}
Event: 3.944 GC heap before
{Heap before GC invocations=3 (full 0):
 PSYoungGen      total 76288K, used 73923K [0x000000076ab00000, 0x0000000774000000, 0x00000007c0000000)
  eden space 65536K, 100% used [0x000000076ab00000,0x000000076eb00000,0x000000076eb00000)
  from space 10752K, 78% used [0x000000076f580000,0x000000076fdb0cc8,0x0000000770000000)
  to   space 10752K, 0% used [0x000000076eb00000,0x000000076eb00000,0x000000076f580000)
 ParOldGen       total 175104K, used 69520K [0x00000006c0000000, 0x00000006cab00000, 0x000000076ab00000)
  object space 175104K, 39% used [0x00000006c0000000,0x00000006c43e4118,0x00000006cab00000)
 Metaspace       used 11780K, capacity 12102K, committed 12288K, reserved 1060864K
  class space    used 1432K, capacity 1491K, committed 1536K, reserved 1048576K
Event: 3.948 GC heap after
Heap after GC invocations=3 (full 0):
 PSYoungGen      total 76288K, used 8371K [0x000000076ab00000, 0x0000000774000000, 0x00000007c0000000)
  eden space 65536K, 0% used [0x000000076ab00000,0x000000076ab00000,0x000000076eb00000)
  from space 10752K, 77% used [0x000000076eb00000,0x000000076f32cc98,0x000000076f580000)
  to   space 10752K, 0% used [0x0000000773580000,0x0000000773580000,0x0000000774000000)
 ParOldGen       total 175104K, used 69520K [0x00000006c0000000, 0x00000006cab00000, 0x000000076ab00000)
  object space 175104K, 39% used [0x00000006c0000000,0x00000006c43e4118,0x00000006cab00000)
 Metaspace       used 11780K, capacity 12102K, committed 12288K, reserved 1060864K
  class space    used 1432K, capacity 1491K, committed 1536K, reserved 1048576K
}
Event: 4.121 GC heap before
{Heap before GC invocations=4 (full 0):
 PSYoungGen      total 76288K, used 73907K [0x000000076ab00000, 0x0000000774000000, 0x00000007c0000000)
  eden space 65536K, 100% used [0x000000076ab00000,0x000000076eb00000,0x000000076eb00000)
  from space 10752K, 77% used [0x000000076eb00000,0x000000076f32cc98,0x000000076f580000)
  to   space 10752K, 0% used [0x0000000773580000,0x0000000773580000,0x0000000774000000)
 ParOldGen       total 175104K, used 69520K [0x00000006c0000000, 0x00000006cab00000, 0x000000076ab00000)
  object space 175104K, 39% used [0x00000006c0000000,0x00000006c43e4118,0x00000006cab00000)
 Metaspace       used 11780K, capacity 12102K, committed 12288K, reserved 1060864K
  class space    used 1432K, capacity 1491K, committed 1536K, reserved 1048576K
Event: 4.136 GC heap after
Heap after GC invocations=4 (full 0):
 PSYoungGen      total 141824K, used 8387K [0x000000076ab00000, 0x0000000774000000, 0x00000007c0000000)
  eden space 131072K, 0% used [0x000000076ab00000,0x000000076ab00000,0x0000000772b00000)
  from space 10752K, 78% used [0x0000000773580000,0x0000000773db0ca8,0x0000000774000000)
  to   space 10752K, 0% used [0x0000000772b00000,0x0000000772b00000,0x0000000773580000)
 ParOldGen       total 175104K, used 69520K [0x00000006c0000000, 0x00000006cab00000, 0x000000076ab00000)
  object space 175104K, 39% used [0x00000006c0000000,0x00000006c43e4118,0x00000006cab00000)
 Metaspace       used 11780K, capacity 12102K, committed 12288K, reserved 1060864K
  class space    used 1432K, capacity 1491K, committed 1536K, reserved 1048576K
}
Event: 4.554 GC heap before
{Heap before GC invocations=5 (full 0):
 PSYoungGen      total 141824K, used 139459K [0x000000076ab00000, 0x0000000774000000, 0x00000007c0000000)
  eden space 131072K, 100% used [0x000000076ab00000,0x0000000772b00000,0x0000000772b00000)
  from space 10752K, 78% used [0x0000000773580000,0x0000000773db0ca8,0x0000000774000000)
  to   space 10752K, 0% used [0x0000000772b00000,0x0000000772b00000,0x0000000773580000)
 ParOldGen       total 175104K, used 69520K [0x00000006c0000000, 0x00000006cab00000, 0x000000076ab00000)
  object space 175104K, 39% used [0x00000006c0000000,0x00000006c43e4118,0x00000006cab00000)
 Metaspace       used 11780K, capacity 12102K, committed 12288K, reserved 1060864K
  class space    used 1432K, capacity 1491K, committed 1536K, reserved 1048576K
Event: 4.568 GC heap after
Heap after GC invocations=5 (full 0):
 PSYoungGen      total 141824K, used 8403K [0x000000076ab00000, 0x000000077bc00000, 0x00000007c0000000)
  eden space 131072K, 0% used [0x000000076ab00000,0x000000076ab00000,0x0000000772b00000)
  from space 10752K, 78% used [0x0000000772b00000,0x0000000773334cb8,0x0000000773580000)
  to   space 8704K, 0% used [0x000000077b380000,0x000000077b380000,0x000000077bc00000)
 ParOldGen       total 175104K, used 69520K [0x00000006c0000000, 0x00000006cab00000, 0x000000076ab00000)
  object space 175104K, 39% used [0x00000006c0000000,0x00000006c43e4118,0x00000006cab00000)
 Metaspace       used 11780K, capacity 12102K, committed 12288K, reserved 1060864K
  class space    used 1432K, capacity 1491K, committed 1536K, reserved 1048576K
}
Event: 5.831 GC heap before
{Heap before GC invocations=6 (full 0):
 PSYoungGen      total 141824K, used 139475K [0x000000076ab00000, 0x000000077bc00000, 0x00000007c0000000)
  eden space 131072K, 100% used [0x000000076ab00000,0x0000000772b00000,0x0000000772b00000)
  from space 10752K, 78% used [0x0000000772b00000,0x0000000773334cb8,0x0000000773580000)
  to   space 8704K, 0% used [0x000000077b380000,0x000000077b380000,0x000000077bc00000)
 ParOldGen       total 175104K, used 69520K [0x00000006c0000000, 0x00000006cab00000, 0x000000076ab00000)
  object space 175104K, 39% used [0x00000006c0000000,0x00000006c43e4118,0x00000006cab00000)
 Metaspace       used 13574K, capacity 13916K, committed 14080K, reserved 1060864K
  class space    used 1698K, capacity 1792K, committed 1792K, reserved 1048576K
Event: 5.839 GC heap after
Heap after GC invocations=6 (full 0):
 PSYoungGen      total 269312K, used 2388K [0x000000076ab00000, 0x000000077bf00000, 0x00000007c0000000)
  eden space 260608K, 0% used [0x000000076ab00000,0x000000076ab00000,0x000000077a980000)
  from space 8704K, 27% used [0x000000077b380000,0x000000077b5d5280,0x000000077bc00000)
  to   space 10240K, 0% used [0x000000077a980000,0x000000077a980000,0x000000077b380000)
 ParOldGen       total 175104K, used 69528K [0x00000006c0000000, 0x00000006cab00000, 0x000000076ab00000)
  object space 175104K, 39% used [0x00000006c0000000,0x00000006c43e6118,0x00000006cab00000)
 Metaspace       used 13574K, capacity 13916K, committed 14080K, reserved 1060864K
  class space    used 1698K, capacity 1792K, committed 1792K, reserved 1048576K
}

