# JRE version: Java(TM) SE Runtime Environment (8.0_141-b15) (build 1.8.0_141-b15)
# Java VM: Java HotSpot(TM) 64-Bit Server VM (25.141-b15 mixed mode bsd-amd64 compressed oops)
Heap:
 PSYoungGen      total 437760K, used 213646K [0x000000076ab00000, 0x0000000787500000, 0x00000007c0000000)
  eden space 425472K, 47% used [0x000000076ab00000,0x0000000776fd4eb0,0x0000000784a80000)
  from space 12288K, 98% used [0x0000000786900000,0x00000007874cec10,0x0000000787500000)
  to   space 20992K, 0% used [0x0000000784c00000,0x0000000784c00000,0x0000000786080000)
 ParOldGen       total 197632K, used 65468K [0x00000006c0000000, 0x00000006cc100000, 0x000000076ab00000)
  object space 197632K, 33% used [0x00000006c0000000,0x00000006c3fef050,0x00000006cc100000)
 Metaspace       used 29017K, capacity 30704K, committed 30720K, reserved 1077248K
  class space    used 3550K, capacity 3835K, committed 3840K, reserved 1048576K
GC Heap History (10 events):
Event: 17.214 GC heap before
{Heap before GC invocations=6 (full 1):
 PSYoungGen      total 136192K, used 30335K [0x000000076ab00000, 0x0000000773c00000, 0x00000007c0000000)
  eden space 125952K, 16% used [0x000000076ab00000,0x000000076bed69f8,0x0000000772600000)
  from space 10240K, 97% used [0x0000000773200000,0x0000000773bc9220,0x0000000773c00000)
  to   space 10752K, 0% used [0x0000000772700000,0x0000000772700000,0x0000000773180000)
 ParOldGen       total 182272K, used 85220K [0x00000006c0000000, 0x00000006cb200000, 0x000000076ab00000)
  object space 182272K, 46% used [0x00000006c0000000,0x00000006c5339040,0x00000006cb200000)
 Metaspace       used 20413K, capacity 21176K, committed 21296K, reserved 1069056K
  class space    used 2478K, capacity 2649K, committed 2688K, reserved 1048576K
Event: 17.243 GC heap after
Heap after GC invocations=6 (full 1):
 PSYoungGen      total 137728K, used 10735K [0x000000076ab00000, 0x000000077bd00000, 0x00000007c0000000)
  eden space 126976K, 0% used [0x000000076ab00000,0x000000076ab00000,0x0000000772700000)
  from space 10752K, 99% used [0x0000000772700000,0x000000077317be08,0x0000000773180000)
  to   space 20480K, 0% used [0x000000077a900000,0x000000077a900000,0x000000077bd00000)
 ParOldGen       total 182272K, used 95016K [0x00000006c0000000, 0x00000006cb200000, 0x000000076ab00000)
  object space 182272K, 52% used [0x00000006c0000000,0x00000006c5cca3c0,0x00000006cb200000)
 Metaspace       used 20413K, capacity 21176K, committed 21296K, reserved 1069056K
  class space    used 2478K, capacity 2649K, committed 2688K, reserved 1048576K
}
Event: 17.243 GC heap before
{Heap before GC invocations=7 (full 2):
 PSYoungGen      total 137728K, used 10735K [0x000000076ab00000, 0x000000077bd00000, 0x00000007c0000000)
  eden space 126976K, 0% used [0x000000076ab00000,0x000000076ab00000,0x0000000772700000)
  from space 10752K, 99% used [0x0000000772700000,0x000000077317be08,0x0000000773180000)
  to   space 20480K, 0% used [0x000000077a900000,0x000000077a900000,0x000000077bd00000)
 ParOldGen       total 182272K, used 95016K [0x00000006c0000000, 0x00000006cb200000, 0x000000076ab00000)
  object space 182272K, 52% used [0x00000006c0000000,0x00000006c5cca3c0,0x00000006cb200000)
 Metaspace       used 20413K, capacity 21176K, committed 21296K, reserved 1069056K
  class space    used 2478K, capacity 2649K, committed 2688K, reserved 1048576K
Event: 17.338 GC heap after
Heap after GC invocations=7 (full 2):
 PSYoungGen      total 137728K, used 0K [0x000000076ab00000, 0x000000077bd00000, 0x00000007c0000000)
  eden space 126976K, 0% used [0x000000076ab00000,0x000000076ab00000,0x0000000772700000)
  from space 10752K, 0% used [0x0000000772700000,0x0000000772700000,0x0000000773180000)
  to   space 20480K, 0% used [0x000000077a900000,0x000000077a900000,0x000000077bd00000)
 ParOldGen       total 197632K, used 44033K [0x00000006c0000000, 0x00000006cc100000, 0x000000076ab00000)
  object space 197632K, 22% used [0x00000006c0000000,0x00000006c2b00790,0x00000006cc100000)
 Metaspace       used 20413K, capacity 21176K, committed 21296K, reserved 1069056K
  class space    used 2478K, capacity 2649K, committed 2688K, reserved 1048576K
}
Event: 93.831 GC heap before
{Heap before GC invocations=8 (full 2):
 PSYoungGen      total 137728K, used 126976K [0x000000076ab00000, 0x000000077bd00000, 0x00000007c0000000)
  eden space 126976K, 100% used [0x000000076ab00000,0x0000000772700000,0x0000000772700000)
  from space 10752K, 0% used [0x0000000772700000,0x0000000772700000,0x0000000773180000)
  to   space 20480K, 0% used [0x000000077a900000,0x000000077a900000,0x000000077bd00000)
 ParOldGen       total 197632K, used 44033K [0x00000006c0000000, 0x00000006cc100000, 0x000000076ab00000)
  object space 197632K, 22% used [0x00000006c0000000,0x00000006c2b00790,0x00000006cc100000)
 Metaspace       used 27284K, capacity 28786K, committed 28928K, reserved 1075200K
  class space    used 3318K, capacity 3558K, committed 3584K, reserved 1048576K
Event: 93.848 GC heap after
Heap after GC invocations=8 (full 2):
 PSYoungGen      total 253952K, used 9824K [0x000000076ab00000, 0x000000077b900000, 0x00000007c0000000)
  eden space 237568K, 0% used [0x000000076ab00000,0x000000076ab00000,0x0000000779300000)
  from space 16384K, 59% used [0x000000077a900000,0x000000077b2981d0,0x000000077b900000)
  to   space 19456K, 0% used [0x0000000779300000,0x0000000779300000,0x000000077a600000)
 ParOldGen       total 197632K, used 44041K [0x00000006c0000000, 0x00000006cc100000, 0x000000076ab00000)
  object space 197632K, 22% used [0x00000006c0000000,0x00000006c2b02790,0x00000006cc100000)
 Metaspace       used 27284K, capacity 28786K, committed 28928K, reserved 1075200K
  class space    used 3318K, capacity 3558K, committed 3584K, reserved 1048576K
}
Event: 159.961 GC heap before
{Heap before GC invocations=9 (full 2):
 PSYoungGen      total 253952K, used 247392K [0x000000076ab00000, 0x000000077b900000, 0x00000007c0000000)
  eden space 237568K, 100% used [0x000000076ab00000,0x0000000779300000,0x0000000779300000)
  from space 16384K, 59% used [0x000000077a900000,0x000000077b2981d0,0x000000077b900000)
  to   space 19456K, 0% used [0x0000000779300000,0x0000000779300000,0x000000077a600000)
 ParOldGen       total 197632K, used 44041K [0x00000006c0000000, 0x00000006cc100000, 0x000000076ab00000)
  object space 197632K, 22% used [0x00000006c0000000,0x00000006c2b02790,0x00000006cc100000)
 Metaspace       used 28360K, capacity 30056K, committed 30208K, reserved 1075200K
  class space    used 3473K, capacity 3731K, committed 3840K, reserved 1048576K
Event: 159.985 GC heap after
Heap after GC invocations=9 (full 2):
 PSYoungGen      total 257024K, used 14666K [0x000000076ab00000, 0x0000000787d80000, 0x00000007c0000000)
  eden space 237568K, 0% used [0x000000076ab00000,0x000000076ab00000,0x0000000779300000)
  from space 19456K, 75% used [0x0000000779300000,0x000000077a152ac8,0x000000077a600000)
  to   space 20992K, 0% used [0x0000000786900000,0x0000000786900000,0x0000000787d80000)
 ParOldGen       total 197632K, used 65460K [0x00000006c0000000, 0x00000006cc100000, 0x000000076ab00000)
  object space 197632K, 33% used [0x00000006c0000000,0x00000006c3fed050,0x00000006cc100000)
 Metaspace       used 28360K, capacity 30056K, committed 30208K, reserved 1075200K
  class space    used 3473K, capacity 3731K, committed 3840K, reserved 1048576K
}
Event: 232.088 GC heap before
{Heap before GC invocations=10 (full 2):
 PSYoungGen      total 257024K, used 252234K [0x000000076ab00000, 0x0000000787d80000, 0x00000007c0000000)
  eden space 237568K, 100% used [0x000000076ab00000,0x0000000779300000,0x0000000779300000)
  from space 19456K, 75% used [0x0000000779300000,0x000000077a152ac8,0x000000077a600000)
  to   space 20992K, 0% used [0x0000000786900000,0x0000000786900000,0x0000000787d80000)
 ParOldGen       total 197632K, used 65460K [0x00000006c0000000, 0x00000006cc100000, 0x000000076ab00000)
  object space 197632K, 33% used [0x00000006c0000000,0x00000006c3fed050,0x00000006cc100000)
 Metaspace       used 28489K, capacity 30120K, committed 30464K, reserved 1075200K
  class space    used 3474K, capacity 3731K, committed 3840K, reserved 1048576K
Event: 232.103 GC heap after
Heap after GC invocations=10 (full 2):
 PSYoungGen      total 437760K, used 12091K [0x000000076ab00000, 0x0000000787500000, 0x00000007c0000000)
  eden space 425472K, 0% used [0x000000076ab00000,0x000000076ab00000,0x0000000784a80000)
  from space 12288K, 98% used [0x0000000786900000,0x00000007874cec10,0x0000000787500000)
  to   space 20992K, 0% used [0x0000000784c00000,0x0000000784c00000,0x0000000786080000)
 ParOldGen       total 197632K, used 65468K [0x00000006c0000000, 0x00000006cc100000, 0x000000076ab00000)
  object space 197632K, 33% used [0x00000006c0000000,0x00000006c3fef050,0x00000006cc100000)
 Metaspace       used 28489K, capacity 30120K, committed 30464K, reserved 1075200K
  class space    used 3474K, capacity 3731K, committed 3840K, reserved 1048576K
}

