# JRE version: Java(TM) SE Runtime Environment (8.0_141-b15) (build 1.8.0_141-b15)
# Java VM: Java HotSpot(TM) 64-Bit Server VM (25.141-b15 mixed mode bsd-amd64 compressed oops)
Heap:
 PSYoungGen      total 478208K, used 63048K [0x000000076ab00000, 0x000000078ba00000, 0x00000007c0000000)
  eden space 464384K, 10% used [0x000000076ab00000,0x000000076db73348,0x0000000787080000)
  from space 13824K, 97% used [0x000000078ac80000,0x000000078b99efd0,0x000000078ba00000)
  to   space 15872K, 0% used [0x0000000789b00000,0x0000000789b00000,0x000000078aa80000)
 ParOldGen       total 200704K, used 70000K [0x00000006c0000000, 0x00000006cc400000, 0x000000076ab00000)
  object space 200704K, 34% used [0x00000006c0000000,0x00000006c445c070,0x00000006cc400000)
 Metaspace       used 23101K, capacity 24068K, committed 24320K, reserved 1071104K
  class space    used 2830K, capacity 3043K, committed 3072K, reserved 1048576K
GC Heap History (10 events):
Event: 5.603 GC heap before
{Heap before GC invocations=5 (full 0):
 PSYoungGen      total 141824K, used 139151K [0x000000076ab00000, 0x0000000774000000, 0x00000007c0000000)
  eden space 131072K, 100% used [0x000000076ab00000,0x0000000772b00000,0x0000000772b00000)
  from space 10752K, 75% used [0x0000000773580000,0x0000000773d63cb0,0x0000000774000000)
  to   space 10752K, 0% used [0x0000000772b00000,0x0000000772b00000,0x0000000773580000)
 ParOldGen       total 175104K, used 72542K [0x00000006c0000000, 0x00000006cab00000, 0x000000076ab00000)
  object space 175104K, 41% used [0x00000006c0000000,0x00000006c46d7bc0,0x00000006cab00000)
 Metaspace       used 11670K, capacity 12004K, committed 12288K, reserved 1060864K
  class space    used 1414K, capacity 1521K, committed 1536K, reserved 1048576K
Event: 5.614 GC heap after
Heap after GC invocations=5 (full 0):
 PSYoungGen      total 141824K, used 8111K [0x000000076ab00000, 0x000000077bb00000, 0x00000007c0000000)
  eden space 131072K, 0% used [0x000000076ab00000,0x000000076ab00000,0x0000000772b00000)
  from space 10752K, 75% used [0x0000000772b00000,0x00000007732ebcb0,0x0000000773580000)
  to   space 8192K, 0% used [0x000000077b300000,0x000000077b300000,0x000000077bb00000)
 ParOldGen       total 175104K, used 72550K [0x00000006c0000000, 0x00000006cab00000, 0x000000076ab00000)
  object space 175104K, 41% used [0x00000006c0000000,0x00000006c46d9bc0,0x00000006cab00000)
 Metaspace       used 11670K, capacity 12004K, committed 12288K, reserved 1060864K
  class space    used 1414K, capacity 1521K, committed 1536K, reserved 1048576K
}
Event: 16.562 GC heap before
{Heap before GC invocations=6 (full 0):
 PSYoungGen      total 141824K, used 138724K [0x000000076ab00000, 0x000000077bb00000, 0x00000007c0000000)
  eden space 131072K, 99% used [0x000000076ab00000,0x0000000772a8d3e0,0x0000000772b00000)
  from space 10752K, 75% used [0x0000000772b00000,0x00000007732ebcb0,0x0000000773580000)
  to   space 8192K, 0% used [0x000000077b300000,0x000000077b300000,0x000000077bb00000)
 ParOldGen       total 175104K, used 72550K [0x00000006c0000000, 0x00000006cab00000, 0x000000076ab00000)
  object space 175104K, 41% used [0x00000006c0000000,0x00000006c46d9bc0,0x00000006cab00000)
 Metaspace       used 19266K, capacity 19842K, committed 20096K, reserved 1067008K
  class space    used 2420K, capacity 2594K, committed 2688K, reserved 1048576K
Event: 16.578 GC heap after
Heap after GC invocations=6 (full 0):
 PSYoungGen      total 263680K, used 8176K [0x000000076ab00000, 0x000000077c800000, 0x00000007c0000000)
  eden space 255488K, 0% used [0x000000076ab00000,0x000000076ab00000,0x000000077a480000)
  from space 8192K, 99% used [0x000000077b300000,0x000000077bafc208,0x000000077bb00000)
  to   space 14848K, 0% used [0x000000077a480000,0x000000077a480000,0x000000077b300000)
 ParOldGen       total 175104K, used 83670K [0x00000006c0000000, 0x00000006cab00000, 0x000000076ab00000)
  object space 175104K, 47% used [0x00000006c0000000,0x00000006c51b5870,0x00000006cab00000)
 Metaspace       used 19266K, capacity 19842K, committed 20096K, reserved 1067008K
  class space    used 2420K, capacity 2594K, committed 2688K, reserved 1048576K
}
Event: 20.235 GC heap before
{Heap before GC invocations=7 (full 0):
 PSYoungGen      total 263680K, used 263664K [0x000000076ab00000, 0x000000077c800000, 0x00000007c0000000)
  eden space 255488K, 100% used [0x000000076ab00000,0x000000077a480000,0x000000077a480000)
  from space 8192K, 99% used [0x000000077b300000,0x000000077bafc208,0x000000077bb00000)
  to   space 14848K, 0% used [0x000000077a480000,0x000000077a480000,0x000000077b300000)
 ParOldGen       total 175104K, used 83670K [0x00000006c0000000, 0x00000006cab00000, 0x000000076ab00000)
  object space 175104K, 47% used [0x00000006c0000000,0x00000006c51b5870,0x00000006cab00000)
 Metaspace       used 19507K, capacity 20034K, committed 20352K, reserved 1067008K
  class space    used 2426K, capacity 2594K, committed 2688K, reserved 1048576K
Event: 20.310 GC heap after
Heap after GC invocations=7 (full 0):
 PSYoungGen      total 270336K, used 6363K [0x000000076ab00000, 0x000000078bb00000, 0x00000007c0000000)
  eden space 255488K, 0% used [0x000000076ab00000,0x000000076ab00000,0x000000077a480000)
  from space 14848K, 42% used [0x000000077a480000,0x000000077aab6fa8,0x000000077b300000)
  to   space 14848K, 0% used [0x000000078ac80000,0x000000078ac80000,0x000000078bb00000)
 ParOldGen       total 175104K, used 156579K [0x00000006c0000000, 0x00000006cab00000, 0x000000076ab00000)
  object space 175104K, 89% used [0x00000006c0000000,0x00000006c98e8f60,0x00000006cab00000)
 Metaspace       used 19507K, capacity 20034K, committed 20352K, reserved 1067008K
  class space    used 2426K, capacity 2594K, committed 2688K, reserved 1048576K
}
Event: 20.310 GC heap before
{Heap before GC invocations=8 (full 1):
 PSYoungGen      total 270336K, used 6363K [0x000000076ab00000, 0x000000078bb00000, 0x00000007c0000000)
  eden space 255488K, 0% used [0x000000076ab00000,0x000000076ab00000,0x000000077a480000)
  from space 14848K, 42% used [0x000000077a480000,0x000000077aab6fa8,0x000000077b300000)
  to   space 14848K, 0% used [0x000000078ac80000,0x000000078ac80000,0x000000078bb00000)
 ParOldGen       total 175104K, used 156579K [0x00000006c0000000, 0x00000006cab00000, 0x000000076ab00000)
  object space 175104K, 89% used [0x00000006c0000000,0x00000006c98e8f60,0x00000006cab00000)
 Metaspace       used 19507K, capacity 20034K, committed 20352K, reserved 1067008K
  class space    used 2426K, capacity 2594K, committed 2688K, reserved 1048576K
Event: 20.397 GC heap after
Heap after GC invocations=8 (full 1):
 PSYoungGen      total 270336K, used 0K [0x000000076ab00000, 0x000000078bb00000, 0x00000007c0000000)
  eden space 255488K, 0% used [0x000000076ab00000,0x000000076ab00000,0x000000077a480000)
  from space 14848K, 0% used [0x000000077a480000,0x000000077a480000,0x000000077b300000)
  to   space 14848K, 0% used [0x000000078ac80000,0x000000078ac80000,0x000000078bb00000)
 ParOldGen       total 200704K, used 50451K [0x00000006c0000000, 0x00000006cc400000, 0x000000076ab00000)
  object space 200704K, 25% used [0x00000006c0000000,0x00000006c3144c10,0x00000006cc400000)
 Metaspace       used 19507K, capacity 20034K, committed 20352K, reserved 1067008K
  class space    used 2426K, capacity 2594K, committed 2688K, reserved 1048576K
}
Event: 254.398 GC heap before
{Heap before GC invocations=9 (full 1):
 PSYoungGen      total 270336K, used 255488K [0x000000076ab00000, 0x000000078bb00000, 0x00000007c0000000)
  eden space 255488K, 100% used [0x000000076ab00000,0x000000077a480000,0x000000077a480000)
  from space 14848K, 0% used [0x000000077a480000,0x000000077a480000,0x000000077b300000)
  to   space 14848K, 0% used [0x000000078ac80000,0x000000078ac80000,0x000000078bb00000)
 ParOldGen       total 200704K, used 50451K [0x00000006c0000000, 0x00000006cc400000, 0x000000076ab00000)
  object space 200704K, 25% used [0x00000006c0000000,0x00000006c3144c10,0x00000006cc400000)
 Metaspace       used 22998K, capacity 24004K, committed 24064K, reserved 1071104K
  class space    used 2827K, capacity 3043K, committed 3072K, reserved 1048576K
Event: 254.432 GC heap after
Heap after GC invocations=9 (full 1):
 PSYoungGen      total 478208K, used 13435K [0x000000076ab00000, 0x000000078ba00000, 0x00000007c0000000)
  eden space 464384K, 0% used [0x000000076ab00000,0x000000076ab00000,0x0000000787080000)
  from space 13824K, 97% used [0x000000078ac80000,0x000000078b99efd0,0x000000078ba00000)
  to   space 15872K, 0% used [0x0000000789b00000,0x0000000789b00000,0x000000078aa80000)
 ParOldGen       total 200704K, used 70000K [0x00000006c0000000, 0x00000006cc400000, 0x000000076ab00000)
  object space 200704K, 34% used [0x00000006c0000000,0x00000006c445c070,0x00000006cc400000)
 Metaspace       used 22998K, capacity 24004K, committed 24064K, reserved 1071104K
  class space    used 2827K, capacity 3043K, committed 3072K, reserved 1048576K
}

