# JRE version: 7.0_15-b03
# Java VM: Java HotSpot(TM) Client VM (23.7-b01 mixed mode windows-x86 )
Heap
 def new generation   total 10112K, used 4135K [0x03810000, 0x04300000, 0x08d60000)
  eden space 9024K,  39% used [0x03810000, 0x03b95b98, 0x040e0000)
  from space 1088K,  48% used [0x041f0000, 0x042741f8, 0x04300000)
  to   space 1088K,   0% used [0x040e0000, 0x040e0000, 0x041f0000)
 tenured generation   total 22244K, used 19073K [0x08d60000, 0x0a319000, 0x13810000)
   the space 22244K,  85% used [0x08d60000, 0x0a000450, 0x0a000600, 0x0a319000)
 compacting perm gen  total 12288K, used 9594K [0x13810000, 0x14410000, 0x17810000)
   the space 12288K,  78% used [0x13810000, 0x1416eab0, 0x1416ec00, 0x14410000)
GC Heap History (10 events):
Event: 19.107 GC heap before
{Heap before GC invocations=45 (full 2):
 def new generation   total 10112K, used 9200K [0x03810000, 0x04300000, 0x08d60000)
  eden space 9024K, 100% used [0x03810000, 0x040e0000, 0x040e0000)
  from space 1088K,  16% used [0x040e0000, 0x0410c0d8, 0x041f0000)
  to   space 1088K,   0% used [0x041f0000, 0x041f0000, 0x04300000)
 tenured generation   total 22244K, used 14144K [0x08d60000, 0x0a319000, 0x13810000)
   the space 22244K,  63% used [0x08d60000, 0x09b301e0, 0x09b30200, 0x0a319000)
 compacting perm gen  total 12288K, used 9384K [0x13810000, 0x14410000, 0x17810000)
   the space 12288K,  76% used [0x13810000, 0x1413a080, 0x1413a200, 0x14410000)
No shared spaces configured.
Event: 19.110 GC heap after
Heap after GC invocations=46 (full 2):
 def new generation   total 10112K, used 469K [0x03810000, 0x04300000, 0x08d60000)
  eden space 9024K,   0% used [0x03810000, 0x03810000, 0x040e0000)
  from space 1088K,  43% used [0x041f0000, 0x04265418, 0x04300000)
  to   space 1088K,   0% used [0x040e0000, 0x040e0000, 0x041f0000)
 tenured generation   total 22244K, used 14144K [0x08d60000, 0x0a319000, 0x13810000)
   the space 22244K,  63% used [0x08d60000, 0x09b301e0, 0x09b30200, 0x0a319000)
 compacting perm gen  total 12288K, used 9384K [0x13810000, 0x14410000, 0x17810000)
   the space 12288K,  76% used [0x13810000, 0x1413a080, 0x1413a200, 0x14410000)
No shared spaces configured.
}
Event: 19.615 GC heap before
{Heap before GC invocations=46 (full 2):
 def new generation   total 10112K, used 9493K [0x03810000, 0x04300000, 0x08d60000)
  eden space 9024K, 100% used [0x03810000, 0x040e0000, 0x040e0000)
  from space 1088K,  43% used [0x041f0000, 0x04265418, 0x04300000)
  to   space 1088K,   0% used [0x040e0000, 0x040e0000, 0x041f0000)
 tenured generation   total 22244K, used 14144K [0x08d60000, 0x0a319000, 0x13810000)
   the space 22244K,  63% used [0x08d60000, 0x09b301e0, 0x09b30200, 0x0a319000)
 compacting perm gen  total 12288K, used 9433K [0x13810000, 0x14410000, 0x17810000)
   the space 12288K,  76% used [0x13810000, 0x141466c0, 0x14146800, 0x14410000)
No shared spaces configured.
Event: 19.621 GC heap after
Heap after GC invocations=47 (full 2):
 def new generation   total 10112K, used 1033K [0x03810000, 0x04300000, 0x08d60000)
  eden space 9024K,   0% used [0x03810000, 0x03810000, 0x040e0000)
  from space 1088K,  95% used [0x040e0000, 0x041e2698, 0x041f0000)
  to   space 1088K,   0% used [0x041f0000, 0x041f0000, 0x04300000)
 tenured generation   total 22244K, used 15575K [0x08d60000, 0x0a319000, 0x13810000)
   the space 22244K,  70% used [0x08d60000, 0x09c95c70, 0x09c95e00, 0x0a319000)
 compacting perm gen  total 12288K, used 9433K [0x13810000, 0x14410000, 0x17810000)
   the space 12288K,  76% used [0x13810000, 0x141466c0, 0x14146800, 0x14410000)
No shared spaces configured.
}
Event: 24.360 GC heap before
{Heap before GC invocations=47 (full 2):
 def new generation   total 10112K, used 10057K [0x03810000, 0x04300000, 0x08d60000)
  eden space 9024K, 100% used [0x03810000, 0x040e0000, 0x040e0000)
  from space 1088K,  95% used [0x040e0000, 0x041e2698, 0x041f0000)
  to   space 1088K,   0% used [0x041f0000, 0x041f0000, 0x04300000)
 tenured generation   total 22244K, used 15575K [0x08d60000, 0x0a319000, 0x13810000)
   the space 22244K,  70% used [0x08d60000, 0x09c95c70, 0x09c95e00, 0x0a319000)
 compacting perm gen  total 12288K, used 9485K [0x13810000, 0x14410000, 0x17810000)
   the space 12288K,  77% used [0x13810000, 0x141535f8, 0x14153600, 0x14410000)
No shared spaces configured.
Event: 24.365 GC heap after
Heap after GC invocations=48 (full 2):
 def new generation   total 10112K, used 286K [0x03810000, 0x04300000, 0x08d60000)
  eden space 9024K,   0% used [0x03810000, 0x03810000, 0x040e0000)
  from space 1088K,  26% used [0x041f0000, 0x04237a88, 0x04300000)
  to   space 1088K,   0% used [0x040e0000, 0x040e0000, 0x041f0000)
 tenured generation   total 22244K, used 16562K [0x08d60000, 0x0a319000, 0x13810000)
   the space 22244K,  74% used [0x08d60000, 0x09d8cac0, 0x09d8cc00, 0x0a319000)
 compacting perm gen  total 12288K, used 9485K [0x13810000, 0x14410000, 0x17810000)
   the space 12288K,  77% used [0x13810000, 0x141535f8, 0x14153600, 0x14410000)
No shared spaces configured.
}
Event: 30.152 GC heap before
{Heap before GC invocations=48 (full 2):
 def new generation   total 10112K, used 9310K [0x03810000, 0x04300000, 0x08d60000)
  eden space 9024K, 100% used [0x03810000, 0x040e0000, 0x040e0000)
  from space 1088K,  26% used [0x041f0000, 0x04237a88, 0x04300000)
  to   space 1088K,   0% used [0x040e0000, 0x040e0000, 0x041f0000)
 tenured generation   total 22244K, used 16562K [0x08d60000, 0x0a319000, 0x13810000)
   the space 22244K,  74% used [0x08d60000, 0x09d8cac0, 0x09d8cc00, 0x0a319000)
 compacting perm gen  total 12288K, used 9488K [0x13810000, 0x14410000, 0x17810000)
   the space 12288K,  77% used [0x13810000, 0x14154358, 0x14154400, 0x14410000)
No shared spaces configured.
Event: 30.155 GC heap after
Heap after GC invocations=49 (full 2):
 def new generation   total 10112K, used 482K [0x03810000, 0x04300000, 0x08d60000)
  eden space 9024K,   0% used [0x03810000, 0x03810000, 0x040e0000)
  from space 1088K,  44% used [0x040e0000, 0x04158a78, 0x041f0000)
  to   space 1088K,   0% used [0x041f0000, 0x041f0000, 0x04300000)
 tenured generation   total 22244K, used 16562K [0x08d60000, 0x0a319000, 0x13810000)
   the space 22244K,  74% used [0x08d60000, 0x09d8cac0, 0x09d8cc00, 0x0a319000)
 compacting perm gen  total 12288K, used 9488K [0x13810000, 0x14410000, 0x17810000)
   the space 12288K,  77% used [0x13810000, 0x14154358, 0x14154400, 0x14410000)
No shared spaces configured.
}
Event: 75894.823 GC heap before
{Heap before GC invocations=49 (full 2):
 def new generation   total 10112K, used 7159K [0x03810000, 0x04300000, 0x08d60000)
  eden space 9024K,  73% used [0x03810000, 0x03e95398, 0x040e0000)
  from space 1088K,  44% used [0x040e0000, 0x04158a78, 0x041f0000)
  to   space 1088K,   0% used [0x041f0000, 0x041f0000, 0x04300000)
 tenured generation   total 22244K, used 16562K [0x08d60000, 0x0a319000, 0x13810000)
   the space 22244K,  74% used [0x08d60000, 0x09d8cac0, 0x09d8cc00, 0x0a319000)
 compacting perm gen  total 12288K, used 9531K [0x13810000, 0x14410000, 0x17810000)
   the space 12288K,  77% used [0x13810000, 0x1415ee58, 0x1415f000, 0x14410000)
No shared spaces configured.
Event: 75894.901 GC heap after
Heap after GC invocations=50 (full 2):
 def new generation   total 10112K, used 528K [0x03810000, 0x04300000, 0x08d60000)
  eden space 9024K,   0% used [0x03810000, 0x03810000, 0x040e0000)
  from space 1088K,  48% used [0x041f0000, 0x042741f8, 0x04300000)
  to   space 1088K,   0% used [0x040e0000, 0x040e0000, 0x041f0000)
 tenured generation   total 22244K, used 19073K [0x08d60000, 0x0a319000, 0x13810000)
   the space 22244K,  85% used [0x08d60000, 0x0a000450, 0x0a000600, 0x0a319000)
 compacting perm gen  total 12288K, used 9531K [0x13810000, 0x14410000, 0x17810000)
   the space 12288K,  77% used [0x13810000, 0x1415ee58, 0x1415f000, 0x14410000)
No shared spaces configured.
}

