# JRE version: 7.0_21-b11
# Java VM: Java HotSpot(TM) Client VM (23.21-b01 mixed mode, sharing windows-x86 )
Heap
 def new generation   total 4928K, used 810K [0x23ae0000, 0x24030000, 0x29030000)
  eden space 4416K,  18% used [0x23ae0000, 0x23baa390, 0x23f30000)
  from space 512K,   0% used [0x23fb0000, 0x23fb0748, 0x24030000)
  to   space 512K,   0% used [0x23f30000, 0x23f30000, 0x23fb0000)
 tenured generation   total 10944K, used 10372K [0x29030000, 0x29ae0000, 0x33ae0000)
   the space 10944K,  94% used [0x29030000, 0x29a51340, 0x29a51400, 0x29ae0000)
 compacting perm gen  total 12288K, used 4273K [0x33ae0000, 0x346e0000, 0x37ae0000)
   the space 12288K,  34% used [0x33ae0000, 0x33f0c6e8, 0x33f0c800, 0x346e0000)
    ro space 10240K,  45% used [0x37ae0000, 0x37f67988, 0x37f67a00, 0x384e0000)
    rw space 12288K,  54% used [0x384e0000, 0x38b6b5d8, 0x38b6b600, 0x390e0000)
GC Heap History (10 events):
Event: 127.048 GC heap before
{Heap before GC invocations=348 (full 0):
 def new generation   total 4928K, used 4417K [0x23ae0000, 0x24030000, 0x29030000)
  eden space 4416K, 100% used [0x23ae0000, 0x23f30000, 0x23f30000)
  from space 512K,   0% used [0x23f30000, 0x23f304a8, 0x23fb0000)
  to   space 512K,   0% used [0x23fb0000, 0x23fb0000, 0x24030000)
 tenured generation   total 10944K, used 10372K [0x29030000, 0x29ae0000, 0x33ae0000)
   the space 10944K,  94% used [0x29030000, 0x29a51340, 0x29a51400, 0x29ae0000)
 compacting perm gen  total 12288K, used 4265K [0x33ae0000, 0x346e0000, 0x37ae0000)
   the space 12288K,  34% used [0x33ae0000, 0x33f0a6a8, 0x33f0a800, 0x346e0000)
    ro space 10240K,  45% used [0x37ae0000, 0x37f67988, 0x37f67a00, 0x384e0000)
    rw space 12288K,  54% used [0x384e0000, 0x38b6b5d8, 0x38b6b600, 0x390e0000)
Event: 127.049 GC heap after
Heap after GC invocations=349 (full 0):
 def new generation   total 4928K, used 1K [0x23ae0000, 0x24030000, 0x29030000)
  eden space 4416K,   0% used [0x23ae0000, 0x23ae0000, 0x23f30000)
  from space 512K,   0% used [0x23fb0000, 0x23fb0648, 0x24030000)
  to   space 512K,   0% used [0x23f30000, 0x23f30000, 0x23fb0000)
 tenured generation   total 10944K, used 10372K [0x29030000, 0x29ae0000, 0x33ae0000)
   the space 10944K,  94% used [0x29030000, 0x29a51340, 0x29a51400, 0x29ae0000)
 compacting perm gen  total 12288K, used 4265K [0x33ae0000, 0x346e0000, 0x37ae0000)
   the space 12288K,  34% used [0x33ae0000, 0x33f0a6a8, 0x33f0a800, 0x346e0000)
    ro space 10240K,  45% used [0x37ae0000, 0x37f67988, 0x37f67a00, 0x384e0000)
    rw space 12288K,  54% used [0x384e0000, 0x38b6b5d8, 0x38b6b600, 0x390e0000)
}
Event: 127.385 GC heap before
{Heap before GC invocations=349 (full 0):
 def new generation   total 4928K, used 4417K [0x23ae0000, 0x24030000, 0x29030000)
  eden space 4416K, 100% used [0x23ae0000, 0x23f30000, 0x23f30000)
  from space 512K,   0% used [0x23fb0000, 0x23fb0648, 0x24030000)
  to   space 512K,   0% used [0x23f30000, 0x23f30000, 0x23fb0000)
 tenured generation   total 10944K, used 10372K [0x29030000, 0x29ae0000, 0x33ae0000)
   the space 10944K,  94% used [0x29030000, 0x29a51340, 0x29a51400, 0x29ae0000)
 compacting perm gen  total 12288K, used 4265K [0x33ae0000, 0x346e0000, 0x37ae0000)
   the space 12288K,  34% used [0x33ae0000, 0x33f0a6a8, 0x33f0a800, 0x346e0000)
    ro space 10240K,  45% used [0x37ae0000, 0x37f67988, 0x37f67a00, 0x384e0000)
    rw space 12288K,  54% used [0x384e0000, 0x38b6b5d8, 0x38b6b600, 0x390e0000)
Event: 127.386 GC heap after
Heap after GC invocations=350 (full 0):
 def new generation   total 4928K, used 1K [0x23ae0000, 0x24030000, 0x29030000)
  eden space 4416K,   0% used [0x23ae0000, 0x23ae0000, 0x23f30000)
  from space 512K,   0% used [0x23f30000, 0x23f30610, 0x23fb0000)
  to   space 512K,   0% used [0x23fb0000, 0x23fb0000, 0x24030000)
 tenured generation   total 10944K, used 10372K [0x29030000, 0x29ae0000, 0x33ae0000)
   the space 10944K,  94% used [0x29030000, 0x29a51340, 0x29a51400, 0x29ae0000)
 compacting perm gen  total 12288K, used 4265K [0x33ae0000, 0x346e0000, 0x37ae0000)
   the space 12288K,  34% used [0x33ae0000, 0x33f0a6a8, 0x33f0a800, 0x346e0000)
    ro space 10240K,  45% used [0x37ae0000, 0x37f67988, 0x37f67a00, 0x384e0000)
    rw space 12288K,  54% used [0x384e0000, 0x38b6b5d8, 0x38b6b600, 0x390e0000)
}
Event: 127.724 GC heap before
{Heap before GC invocations=350 (full 0):
 def new generation   total 4928K, used 4417K [0x23ae0000, 0x24030000, 0x29030000)
  eden space 4416K, 100% used [0x23ae0000, 0x23f30000, 0x23f30000)
  from space 512K,   0% used [0x23f30000, 0x23f30610, 0x23fb0000)
  to   space 512K,   0% used [0x23fb0000, 0x23fb0000, 0x24030000)
 tenured generation   total 10944K, used 10372K [0x29030000, 0x29ae0000, 0x33ae0000)
   the space 10944K,  94% used [0x29030000, 0x29a51340, 0x29a51400, 0x29ae0000)
 compacting perm gen  total 12288K, used 4265K [0x33ae0000, 0x346e0000, 0x37ae0000)
   the space 12288K,  34% used [0x33ae0000, 0x33f0a6a8, 0x33f0a800, 0x346e0000)
    ro space 10240K,  45% used [0x37ae0000, 0x37f67988, 0x37f67a00, 0x384e0000)
    rw space 12288K,  54% used [0x384e0000, 0x38b6b5d8, 0x38b6b600, 0x390e0000)
Event: 127.724 GC heap after
Heap after GC invocations=351 (full 0):
 def new generation   total 4928K, used 1K [0x23ae0000, 0x24030000, 0x29030000)
  eden space 4416K,   0% used [0x23ae0000, 0x23ae0000, 0x23f30000)
  from space 512K,   0% used [0x23fb0000, 0x23fb07e0, 0x24030000)
  to   space 512K,   0% used [0x23f30000, 0x23f30000, 0x23fb0000)
 tenured generation   total 10944K, used 10372K [0x29030000, 0x29ae0000, 0x33ae0000)
   the space 10944K,  94% used [0x29030000, 0x29a51340, 0x29a51400, 0x29ae0000)
 compacting perm gen  total 12288K, used 4265K [0x33ae0000, 0x346e0000, 0x37ae0000)
   the space 12288K,  34% used [0x33ae0000, 0x33f0a6a8, 0x33f0a800, 0x346e0000)
    ro space 10240K,  45% used [0x37ae0000, 0x37f67988, 0x37f67a00, 0x384e0000)
    rw space 12288K,  54% used [0x384e0000, 0x38b6b5d8, 0x38b6b600, 0x390e0000)
}
Event: 128.077 GC heap before
{Heap before GC invocations=351 (full 0):
 def new generation   total 4928K, used 4417K [0x23ae0000, 0x24030000, 0x29030000)
  eden space 4416K, 100% used [0x23ae0000, 0x23f30000, 0x23f30000)
  from space 512K,   0% used [0x23fb0000, 0x23fb07e0, 0x24030000)
  to   space 512K,   0% used [0x23f30000, 0x23f30000, 0x23fb0000)
 tenured generation   total 10944K, used 10372K [0x29030000, 0x29ae0000, 0x33ae0000)
   the space 10944K,  94% used [0x29030000, 0x29a51340, 0x29a51400, 0x29ae0000)
 compacting perm gen  total 12288K, used 4265K [0x33ae0000, 0x346e0000, 0x37ae0000)
   the space 12288K,  34% used [0x33ae0000, 0x33f0a6a8, 0x33f0a800, 0x346e0000)
    ro space 10240K,  45% used [0x37ae0000, 0x37f67988, 0x37f67a00, 0x384e0000)
    rw space 12288K,  54% used [0x384e0000, 0x38b6b5d8, 0x38b6b600, 0x390e0000)
Event: 128.078 GC heap after
Heap after GC invocations=352 (full 0):
 def new generation   total 4928K, used 1K [0x23ae0000, 0x24030000, 0x29030000)
  eden space 4416K,   0% used [0x23ae0000, 0x23ae0000, 0x23f30000)
  from space 512K,   0% used [0x23f30000, 0x23f30780, 0x23fb0000)
  to   space 512K,   0% used [0x23fb0000, 0x23fb0000, 0x24030000)
 tenured generation   total 10944K, used 10372K [0x29030000, 0x29ae0000, 0x33ae0000)
   the space 10944K,  94% used [0x29030000, 0x29a51340, 0x29a51400, 0x29ae0000)
 compacting perm gen  total 12288K, used 4265K [0x33ae0000, 0x346e0000, 0x37ae0000)
   the space 12288K,  34% used [0x33ae0000, 0x33f0a6a8, 0x33f0a800, 0x346e0000)
    ro space 10240K,  45% used [0x37ae0000, 0x37f67988, 0x37f67a00, 0x384e0000)
    rw space 12288K,  54% used [0x384e0000, 0x38b6b5d8, 0x38b6b600, 0x390e0000)
}
Event: 128.413 GC heap before
{Heap before GC invocations=352 (full 0):
 def new generation   total 4928K, used 4417K [0x23ae0000, 0x24030000, 0x29030000)
  eden space 4416K, 100% used [0x23ae0000, 0x23f30000, 0x23f30000)
  from space 512K,   0% used [0x23f30000, 0x23f30780, 0x23fb0000)
  to   space 512K,   0% used [0x23fb0000, 0x23fb0000, 0x24030000)
 tenured generation   total 10944K, used 10372K [0x29030000, 0x29ae0000, 0x33ae0000)
   the space 10944K,  94% used [0x29030000, 0x29a51340, 0x29a51400, 0x29ae0000)
 compacting perm gen  total 12288K, used 4265K [0x33ae0000, 0x346e0000, 0x37ae0000)
   the space 12288K,  34% used [0x33ae0000, 0x33f0a6a8, 0x33f0a800, 0x346e0000)
    ro space 10240K,  45% used [0x37ae0000, 0x37f67988, 0x37f67a00, 0x384e0000)
    rw space 12288K,  54% used [0x384e0000, 0x38b6b5d8, 0x38b6b600, 0x390e0000)
Event: 128.414 GC heap after
Heap after GC invocations=353 (full 0):
 def new generation   total 4928K, used 1K [0x23ae0000, 0x24030000, 0x29030000)
  eden space 4416K,   0% used [0x23ae0000, 0x23ae0000, 0x23f30000)
  from space 512K,   0% used [0x23fb0000, 0x23fb0748, 0x24030000)
  to   space 512K,   0% used [0x23f30000, 0x23f30000, 0x23fb0000)
 tenured generation   total 10944K, used 10372K [0x29030000, 0x29ae0000, 0x33ae0000)
   the space 10944K,  94% used [0x29030000, 0x29a51340, 0x29a51400, 0x29ae0000)
 compacting perm gen  total 12288K, used 4265K [0x33ae0000, 0x346e0000, 0x37ae0000)
   the space 12288K,  34% used [0x33ae0000, 0x33f0a6a8, 0x33f0a800, 0x346e0000)
    ro space 10240K,  45% used [0x37ae0000, 0x37f67988, 0x37f67a00, 0x384e0000)
    rw space 12288K,  54% used [0x384e0000, 0x38b6b5d8, 0x38b6b600, 0x390e0000)
}

