# JRE version: 7.0_15-b03
# Java VM: Java HotSpot(TM) Client VM (23.7-b01 mixed mode windows-x86 )
Heap
 def new generation   total 10112K, used 2287K [0x03850000, 0x04340000, 0x08da0000)
  eden space 9024K,  20% used [0x03850000, 0x03a13828, 0x04120000)
  from space 1088K,  44% used [0x04120000, 0x04198468, 0x04230000)
  to   space 1088K,   0% used [0x04230000, 0x04230000, 0x04340000)
 tenured generation   total 22244K, used 15147K [0x08da0000, 0x0a359000, 0x13850000)
   the space 22244K,  68% used [0x08da0000, 0x09c6ada8, 0x09c6ae00, 0x0a359000)
 compacting perm gen  total 12288K, used 9551K [0x13850000, 0x14450000, 0x17850000)
   the space 12288K,  77% used [0x13850000, 0x141a3d40, 0x141a3e00, 0x14450000)
GC Heap History (10 events):
Event: 28.147 GC heap before
{Heap before GC invocations=44 (full 2):
 def new generation   total 10112K, used 8541K [0x03850000, 0x04340000, 0x08da0000)
  eden space 9024K,  93% used [0x03850000, 0x0408c688, 0x04120000)
  from space 1088K,   9% used [0x04230000, 0x0424b028, 0x04340000)
  to   space 1088K,   0% used [0x04120000, 0x04120000, 0x04230000)
 tenured generation   total 22244K, used 12719K [0x08da0000, 0x0a359000, 0x13850000)
   the space 22244K,  57% used [0x08da0000, 0x09a0bf88, 0x09a0c000, 0x0a359000)
 compacting perm gen  total 12288K, used 9247K [0x13850000, 0x14450000, 0x17850000)
   the space 12288K,  75% used [0x13850000, 0x14157dd8, 0x14157e00, 0x14450000)
No shared spaces configured.
Event: 28.151 GC heap after
Heap after GC invocations=45 (full 2):
 def new generation   total 10112K, used 268K [0x03850000, 0x04340000, 0x08da0000)
  eden space 9024K,   0% used [0x03850000, 0x03850000, 0x04120000)
  from space 1088K,  24% used [0x04120000, 0x041632a8, 0x04230000)
  to   space 1088K,   0% used [0x04230000, 0x04230000, 0x04340000)
 tenured generation   total 22244K, used 14150K [0x08da0000, 0x0a359000, 0x13850000)
   the space 22244K,  63% used [0x08da0000, 0x09b71a18, 0x09b71c00, 0x0a359000)
 compacting perm gen  total 12288K, used 9247K [0x13850000, 0x14450000, 0x17850000)
   the space 12288K,  75% used [0x13850000, 0x14157dd8, 0x14157e00, 0x14450000)
No shared spaces configured.
}
Event: 28.863 GC heap before
{Heap before GC invocations=45 (full 2):
 def new generation   total 10112K, used 8927K [0x03850000, 0x04340000, 0x08da0000)
  eden space 9024K,  95% used [0x03850000, 0x040c4a30, 0x04120000)
  from space 1088K,  24% used [0x04120000, 0x041632a8, 0x04230000)
  to   space 1088K,   0% used [0x04230000, 0x04230000, 0x04340000)
 tenured generation   total 22244K, used 14150K [0x08da0000, 0x0a359000, 0x13850000)
   the space 22244K,  63% used [0x08da0000, 0x09b71a18, 0x09b71c00, 0x0a359000)
 compacting perm gen  total 12288K, used 9385K [0x13850000, 0x14450000, 0x17850000)
   the space 12288K,  76% used [0x13850000, 0x1417a548, 0x1417a600, 0x14450000)
No shared spaces configured.
Event: 28.866 GC heap after
Heap after GC invocations=46 (full 2):
 def new generation   total 10112K, used 565K [0x03850000, 0x04340000, 0x08da0000)
  eden space 9024K,   0% used [0x03850000, 0x03850000, 0x04120000)
  from space 1088K,  52% used [0x04230000, 0x042bd750, 0x04340000)
  to   space 1088K,   0% used [0x04120000, 0x04120000, 0x04230000)
 tenured generation   total 22244K, used 14150K [0x08da0000, 0x0a359000, 0x13850000)
   the space 22244K,  63% used [0x08da0000, 0x09b71a18, 0x09b71c00, 0x0a359000)
 compacting perm gen  total 12288K, used 9385K [0x13850000, 0x14450000, 0x17850000)
   the space 12288K,  76% used [0x13850000, 0x1417a548, 0x1417a600, 0x14450000)
No shared spaces configured.
}
Event: 29.991 GC heap before
{Heap before GC invocations=46 (full 2):
 def new generation   total 10112K, used 9589K [0x03850000, 0x04340000, 0x08da0000)
  eden space 9024K, 100% used [0x03850000, 0x04120000, 0x04120000)
  from space 1088K,  52% used [0x04230000, 0x042bd750, 0x04340000)
  to   space 1088K,   0% used [0x04120000, 0x04120000, 0x04230000)
 tenured generation   total 22244K, used 14150K [0x08da0000, 0x0a359000, 0x13850000)
   the space 22244K,  63% used [0x08da0000, 0x09b71a18, 0x09b71c00, 0x0a359000)
 compacting perm gen  total 12288K, used 9431K [0x13850000, 0x14450000, 0x17850000)
   the space 12288K,  76% used [0x13850000, 0x14185c18, 0x14185e00, 0x14450000)
No shared spaces configured.
Event: 29.997 GC heap after
Heap after GC invocations=47 (full 2):
 def new generation   total 10112K, used 962K [0x03850000, 0x04340000, 0x08da0000)
  eden space 9024K,   0% used [0x03850000, 0x03850000, 0x04120000)
  from space 1088K,  88% used [0x04120000, 0x04210a78, 0x04230000)
  to   space 1088K,   0% used [0x04230000, 0x04230000, 0x04340000)
 tenured generation   total 22244K, used 14206K [0x08da0000, 0x0a359000, 0x13850000)
   the space 22244K,  63% used [0x08da0000, 0x09b7fa68, 0x09b7fc00, 0x0a359000)
 compacting perm gen  total 12288K, used 9431K [0x13850000, 0x14450000, 0x17850000)
   the space 12288K,  76% used [0x13850000, 0x14185c18, 0x14185e00, 0x14450000)
No shared spaces configured.
}
Event: 35.903 GC heap before
{Heap before GC invocations=47 (full 2):
 def new generation   total 10112K, used 9986K [0x03850000, 0x04340000, 0x08da0000)
  eden space 9024K, 100% used [0x03850000, 0x04120000, 0x04120000)
  from space 1088K,  88% used [0x04120000, 0x04210a78, 0x04230000)
  to   space 1088K,   0% used [0x04230000, 0x04230000, 0x04340000)
 tenured generation   total 22244K, used 14206K [0x08da0000, 0x0a359000, 0x13850000)
   the space 22244K,  63% used [0x08da0000, 0x09b7fa68, 0x09b7fc00, 0x0a359000)
 compacting perm gen  total 12288K, used 9483K [0x13850000, 0x14450000, 0x17850000)
   the space 12288K,  77% used [0x13850000, 0x14192f08, 0x14193000, 0x14450000)
No shared spaces configured.
Event: 35.914 GC heap after
Heap after GC invocations=48 (full 2):
 def new generation   total 10112K, used 940K [0x03850000, 0x04340000, 0x08da0000)
  eden space 9024K,   0% used [0x03850000, 0x03850000, 0x04120000)
  from space 1088K,  86% used [0x04230000, 0x0431b168, 0x04340000)
  to   space 1088K,   0% used [0x04120000, 0x04120000, 0x04230000)
 tenured generation   total 22244K, used 14627K [0x08da0000, 0x0a359000, 0x13850000)
   the space 22244K,  65% used [0x08da0000, 0x09be8da0, 0x09be8e00, 0x0a359000)
 compacting perm gen  total 12288K, used 9483K [0x13850000, 0x14450000, 0x17850000)
   the space 12288K,  77% used [0x13850000, 0x14192f08, 0x14193000, 0x14450000)
No shared spaces configured.
}
Event: 42.532 GC heap before
{Heap before GC invocations=48 (full 2):
 def new generation   total 10112K, used 9964K [0x03850000, 0x04340000, 0x08da0000)
  eden space 9024K, 100% used [0x03850000, 0x04120000, 0x04120000)
  from space 1088K,  86% used [0x04230000, 0x0431b168, 0x04340000)
  to   space 1088K,   0% used [0x04120000, 0x04120000, 0x04230000)
 tenured generation   total 22244K, used 14627K [0x08da0000, 0x0a359000, 0x13850000)
   the space 22244K,  65% used [0x08da0000, 0x09be8da0, 0x09be8e00, 0x0a359000)
 compacting perm gen  total 12288K, used 9487K [0x13850000, 0x14450000, 0x17850000)
   the space 12288K,  77% used [0x13850000, 0x14193c68, 0x14193e00, 0x14450000)
No shared spaces configured.
Event: 42.542 GC heap after
Heap after GC invocations=49 (full 2):
 def new generation   total 10112K, used 481K [0x03850000, 0x04340000, 0x08da0000)
  eden space 9024K,   0% used [0x03850000, 0x03850000, 0x04120000)
  from space 1088K,  44% used [0x04120000, 0x04198468, 0x04230000)
  to   space 1088K,   0% used [0x04230000, 0x04230000, 0x04340000)
 tenured generation   total 22244K, used 15147K [0x08da0000, 0x0a359000, 0x13850000)
   the space 22244K,  68% used [0x08da0000, 0x09c6ada8, 0x09c6ae00, 0x0a359000)
 compacting perm gen  total 12288K, used 9487K [0x13850000, 0x14450000, 0x17850000)
   the space 12288K,  77% used [0x13850000, 0x14193c68, 0x14193e00, 0x14450000)
No shared spaces configured.
}

