# JRE version: 7.0_15-b03
# Java VM: Java HotSpot(TM) Client VM (23.7-b01 mixed mode windows-x86 )
Heap
 def new generation   total 10112K, used 1053K [0x038c0000, 0x043b0000, 0x08e10000)
  eden space 9024K,   1% used [0x038c0000, 0x038df4d0, 0x04190000)
  from space 1088K,  85% used [0x042a0000, 0x04388250, 0x043b0000)
  to   space 1088K,   0% used [0x04190000, 0x04190000, 0x042a0000)
 tenured generation   total 22236K, used 14579K [0x08e10000, 0x0a3c7000, 0x138c0000)
   the space 22236K,  65% used [0x08e10000, 0x09c4cef8, 0x09c4d000, 0x0a3c7000)
 compacting perm gen  total 12288K, used 9493K [0x138c0000, 0x144c0000, 0x178c0000)
   the space 12288K,  77% used [0x138c0000, 0x142057f8, 0x14205800, 0x144c0000)
GC Heap History (10 events):
Event: 13.564 GC heap before
{Heap before GC invocations=43 (full 2):
 def new generation   total 10112K, used 9024K [0x038c0000, 0x043b0000, 0x08e10000)
  eden space 9024K, 100% used [0x038c0000, 0x04190000, 0x04190000)
  from space 1088K,   0% used [0x04190000, 0x04190000, 0x042a0000)
  to   space 1088K,   0% used [0x042a0000, 0x042a0000, 0x043b0000)
 tenured generation   total 22236K, used 12715K [0x08e10000, 0x0a3c7000, 0x138c0000)
   the space 22236K,  57% used [0x08e10000, 0x09a7af80, 0x09a7b000, 0x0a3c7000)
 compacting perm gen  total 12288K, used 9145K [0x138c0000, 0x144c0000, 0x178c0000)
   the space 12288K,  74% used [0x138c0000, 0x141ae758, 0x141ae800, 0x144c0000)
No shared spaces configured.
Event: 13.566 GC heap after
Heap after GC invocations=44 (full 2):
 def new generation   total 10112K, used 87K [0x038c0000, 0x043b0000, 0x08e10000)
  eden space 9024K,   0% used [0x038c0000, 0x038c0000, 0x04190000)
  from space 1088K,   8% used [0x042a0000, 0x042b5f28, 0x043b0000)
  to   space 1088K,   0% used [0x04190000, 0x04190000, 0x042a0000)
 tenured generation   total 22236K, used 12715K [0x08e10000, 0x0a3c7000, 0x138c0000)
   the space 22236K,  57% used [0x08e10000, 0x09a7af80, 0x09a7b000, 0x0a3c7000)
 compacting perm gen  total 12288K, used 9145K [0x138c0000, 0x144c0000, 0x178c0000)
   the space 12288K,  74% used [0x138c0000, 0x141ae758, 0x141ae800, 0x144c0000)
No shared spaces configured.
}
Event: 32.528 GC heap before
{Heap before GC invocations=44 (full 2):
 def new generation   total 10112K, used 8703K [0x038c0000, 0x043b0000, 0x08e10000)
  eden space 9024K,  95% used [0x038c0000, 0x0412a028, 0x04190000)
  from space 1088K,   8% used [0x042a0000, 0x042b5f28, 0x043b0000)
  to   space 1088K,   0% used [0x04190000, 0x04190000, 0x042a0000)
 tenured generation   total 22236K, used 12715K [0x08e10000, 0x0a3c7000, 0x138c0000)
   the space 22236K,  57% used [0x08e10000, 0x09a7af80, 0x09a7b000, 0x0a3c7000)
 compacting perm gen  total 12288K, used 9245K [0x138c0000, 0x144c0000, 0x178c0000)
   the space 12288K,  75% used [0x138c0000, 0x141c75d0, 0x141c7600, 0x144c0000)
No shared spaces configured.
Event: 32.532 GC heap after
Heap after GC invocations=45 (full 2):
 def new generation   total 10112K, used 270K [0x038c0000, 0x043b0000, 0x08e10000)
  eden space 9024K,   0% used [0x038c0000, 0x038c0000, 0x04190000)
  from space 1088K,  24% used [0x04190000, 0x041d38b0, 0x042a0000)
  to   space 1088K,   0% used [0x042a0000, 0x042a0000, 0x043b0000)
 tenured generation   total 22236K, used 14146K [0x08e10000, 0x0a3c7000, 0x138c0000)
   the space 22236K,  63% used [0x08e10000, 0x09be0a10, 0x09be0c00, 0x0a3c7000)
 compacting perm gen  total 12288K, used 9245K [0x138c0000, 0x144c0000, 0x178c0000)
   the space 12288K,  75% used [0x138c0000, 0x141c75d0, 0x141c7600, 0x144c0000)
No shared spaces configured.
}
Event: 33.549 GC heap before
{Heap before GC invocations=45 (full 2):
 def new generation   total 10112K, used 8879K [0x038c0000, 0x043b0000, 0x08e10000)
  eden space 9024K,  95% used [0x038c0000, 0x04128358, 0x04190000)
  from space 1088K,  24% used [0x04190000, 0x041d38b0, 0x042a0000)
  to   space 1088K,   0% used [0x042a0000, 0x042a0000, 0x043b0000)
 tenured generation   total 22236K, used 14146K [0x08e10000, 0x0a3c7000, 0x138c0000)
   the space 22236K,  63% used [0x08e10000, 0x09be0a10, 0x09be0c00, 0x0a3c7000)
 compacting perm gen  total 12288K, used 9383K [0x138c0000, 0x144c0000, 0x178c0000)
   the space 12288K,  76% used [0x138c0000, 0x141e9d50, 0x141e9e00, 0x144c0000)
No shared spaces configured.
Event: 33.552 GC heap after
Heap after GC invocations=46 (full 2):
 def new generation   total 10112K, used 566K [0x038c0000, 0x043b0000, 0x08e10000)
  eden space 9024K,   0% used [0x038c0000, 0x038c0000, 0x04190000)
  from space 1088K,  52% used [0x042a0000, 0x0432dbb8, 0x043b0000)
  to   space 1088K,   0% used [0x04190000, 0x04190000, 0x042a0000)
 tenured generation   total 22236K, used 14146K [0x08e10000, 0x0a3c7000, 0x138c0000)
   the space 22236K,  63% used [0x08e10000, 0x09be0a10, 0x09be0c00, 0x0a3c7000)
 compacting perm gen  total 12288K, used 9383K [0x138c0000, 0x144c0000, 0x178c0000)
   the space 12288K,  76% used [0x138c0000, 0x141e9d50, 0x141e9e00, 0x144c0000)
No shared spaces configured.
}
Event: 34.721 GC heap before
{Heap before GC invocations=46 (full 2):
 def new generation   total 10112K, used 9590K [0x038c0000, 0x043b0000, 0x08e10000)
  eden space 9024K, 100% used [0x038c0000, 0x04190000, 0x04190000)
  from space 1088K,  52% used [0x042a0000, 0x0432dbb8, 0x043b0000)
  to   space 1088K,   0% used [0x04190000, 0x04190000, 0x042a0000)
 tenured generation   total 22236K, used 14146K [0x08e10000, 0x0a3c7000, 0x138c0000)
   the space 22236K,  63% used [0x08e10000, 0x09be0a10, 0x09be0c00, 0x0a3c7000)
 compacting perm gen  total 12288K, used 9429K [0x138c0000, 0x144c0000, 0x178c0000)
   the space 12288K,  76% used [0x138c0000, 0x141f5460, 0x141f5600, 0x144c0000)
No shared spaces configured.
Event: 34.726 GC heap after
Heap after GC invocations=47 (full 2):
 def new generation   total 10112K, used 918K [0x038c0000, 0x043b0000, 0x08e10000)
  eden space 9024K,   0% used [0x038c0000, 0x038c0000, 0x04190000)
  from space 1088K,  84% used [0x04190000, 0x04275900, 0x042a0000)
  to   space 1088K,   0% used [0x042a0000, 0x042a0000, 0x043b0000)
 tenured generation   total 22236K, used 14203K [0x08e10000, 0x0a3c7000, 0x138c0000)
   the space 22236K,  63% used [0x08e10000, 0x09beed38, 0x09beee00, 0x0a3c7000)
 compacting perm gen  total 12288K, used 9429K [0x138c0000, 0x144c0000, 0x178c0000)
   the space 12288K,  76% used [0x138c0000, 0x141f5460, 0x141f5600, 0x144c0000)
No shared spaces configured.
}
Event: 101.069 GC heap before
{Heap before GC invocations=47 (full 2):
 def new generation   total 10112K, used 9942K [0x038c0000, 0x043b0000, 0x08e10000)
  eden space 9024K, 100% used [0x038c0000, 0x04190000, 0x04190000)
  from space 1088K,  84% used [0x04190000, 0x04275900, 0x042a0000)
  to   space 1088K,   0% used [0x042a0000, 0x042a0000, 0x043b0000)
 tenured generation   total 22236K, used 14203K [0x08e10000, 0x0a3c7000, 0x138c0000)
   the space 22236K,  63% used [0x08e10000, 0x09beed38, 0x09beee00, 0x0a3c7000)
 compacting perm gen  total 12288K, used 9489K [0x138c0000, 0x144c0000, 0x178c0000)
   the space 12288K,  77% used [0x138c0000, 0x14204610, 0x14204800, 0x144c0000)
No shared spaces configured.
Event: 101.074 GC heap after
Heap after GC invocations=48 (full 2):
 def new generation   total 10112K, used 928K [0x038c0000, 0x043b0000, 0x08e10000)
  eden space 9024K,   0% used [0x038c0000, 0x038c0000, 0x04190000)
  from space 1088K,  85% used [0x042a0000, 0x04388250, 0x043b0000)
  to   space 1088K,   0% used [0x04190000, 0x04190000, 0x042a0000)
 tenured generation   total 22236K, used 14579K [0x08e10000, 0x0a3c7000, 0x138c0000)
   the space 22236K,  65% used [0x08e10000, 0x09c4cef8, 0x09c4d000, 0x0a3c7000)
 compacting perm gen  total 12288K, used 9489K [0x138c0000, 0x144c0000, 0x178c0000)
   the space 12288K,  77% used [0x138c0000, 0x14204610, 0x14204800, 0x144c0000)
No shared spaces configured.
}

