# JRE version: Java(TM) SE Runtime Environment (8.0_141-b15) (build 1.8.0_141-b15)
# Java VM: Java HotSpot(TM) 64-Bit Server VM (25.141-b15 mixed mode bsd-amd64 compressed oops)
Heap:
 PSYoungGen      total 806400K, used 46409K [0x000000076ab00000, 0x00000007b7800000, 0x00000007c0000000)
  eden space 773120K, 3% used [0x000000076ab00000,0x000000076c871c70,0x0000000799e00000)
  from space 33280K, 48% used [0x0000000799e00000,0x000000079ade0a50,0x000000079be80000)
  to   space 31744K, 0% used [0x00000007b5900000,0x00000007b5900000,0x00000007b7800000)
 ParOldGen       total 193536K, used 74701K [0x00000006c0000000, 0x00000006cbd00000, 0x000000076ab00000)
  object space 193536K, 38% used [0x00000006c0000000,0x00000006c48f3550,0x00000006cbd00000)
 Metaspace       used 31453K, capacity 33096K, committed 33408K, reserved 1079296K
  class space    used 3873K, capacity 4143K, committed 4224K, reserved 1048576K
GC Heap History (10 events):
Event: 684.968 GC heap before
{Heap before GC invocations=9 (full 1):
 PSYoungGen      total 270848K, used 259229K [0x000000076ab00000, 0x000000078bc00000, 0x00000007c0000000)
  eden space 262144K, 98% used [0x000000076ab00000,0x000000077a827570,0x000000077ab00000)
  from space 8704K, 0% used [0x000000077ab00000,0x000000077ab00000,0x000000077b380000)
  to   space 8704K, 0% used [0x000000078b380000,0x000000078b380000,0x000000078bc00000)
 ParOldGen       total 123904K, used 22711K [0x00000006c0000000, 0x00000006c7900000, 0x000000076ab00000)
  object space 123904K, 18% used [0x00000006c0000000,0x00000006c162dc68,0x00000006c7900000)
 Metaspace       used 26868K, capacity 28434K, committed 28800K, reserved 1075200K
  class space    used 3329K, capacity 3600K, committed 3712K, reserved 1048576K
Event: 684.989 GC heap after
Heap after GC invocations=9 (full 1):
 PSYoungGen      total 513024K, used 8693K [0x000000076ab00000, 0x000000078bc00000, 0x00000007c0000000)
  eden space 504320K, 0% used [0x000000076ab00000,0x000000076ab00000,0x0000000789780000)
  from space 8704K, 99% used [0x000000078b380000,0x000000078bbfd550,0x000000078bc00000)
  to   space 11264K, 0% used [0x000000078a600000,0x000000078a600000,0x000000078b100000)
 ParOldGen       total 123904K, used 27735K [0x00000006c0000000, 0x00000006c7900000, 0x000000076ab00000)
  object space 123904K, 22% used [0x00000006c0000000,0x00000006c1b15cc8,0x00000006c7900000)
 Metaspace       used 26868K, capacity 28434K, committed 28800K, reserved 1075200K
  class space    used 3329K, capacity 3600K, committed 3712K, reserved 1048576K
}
Event: 913.537 GC heap before
{Heap before GC invocations=10 (full 1):
 PSYoungGen      total 513024K, used 513013K [0x000000076ab00000, 0x000000078bc00000, 0x00000007c0000000)
  eden space 504320K, 100% used [0x000000076ab00000,0x0000000789780000,0x0000000789780000)
  from space 8704K, 99% used [0x000000078b380000,0x000000078bbfd550,0x000000078bc00000)
  to   space 11264K, 0% used [0x000000078a600000,0x000000078a600000,0x000000078b100000)
 ParOldGen       total 123904K, used 27735K [0x00000006c0000000, 0x00000006c7900000, 0x000000076ab00000)
  object space 123904K, 22% used [0x00000006c0000000,0x00000006c1b15cc8,0x00000006c7900000)
 Metaspace       used 27618K, capacity 29284K, committed 29568K, reserved 1075200K
  class space    used 3358K, capacity 3639K, committed 3712K, reserved 1048576K
Event: 913.599 GC heap after
Heap after GC invocations=10 (full 1):
 PSYoungGen      total 530432K, used 11255K [0x000000076ab00000, 0x000000079db80000, 0x00000007c0000000)
  eden space 519168K, 0% used [0x000000076ab00000,0x000000076ab00000,0x000000078a600000)
  from space 11264K, 99% used [0x000000078a600000,0x000000078b0fdfe0,0x000000078b100000)
  to   space 29696K, 0% used [0x000000079be80000,0x000000079be80000,0x000000079db80000)
 ParOldGen       total 123904K, used 71852K [0x00000006c0000000, 0x00000006c7900000, 0x000000076ab00000)
  object space 123904K, 57% used [0x00000006c0000000,0x00000006c462b360,0x00000006c7900000)
 Metaspace       used 27618K, capacity 29284K, committed 29568K, reserved 1075200K
  class space    used 3358K, capacity 3639K, committed 3712K, reserved 1048576K
}
Event: 2690.685 GC heap before
{Heap before GC invocations=11 (full 1):
 PSYoungGen      total 530432K, used 530423K [0x000000076ab00000, 0x000000079db80000, 0x00000007c0000000)
  eden space 519168K, 100% used [0x000000076ab00000,0x000000078a600000,0x000000078a600000)
  from space 11264K, 99% used [0x000000078a600000,0x000000078b0fdfe0,0x000000078b100000)
  to   space 29696K, 0% used [0x000000079be80000,0x000000079be80000,0x000000079db80000)
 ParOldGen       total 123904K, used 71852K [0x00000006c0000000, 0x00000006c7900000, 0x000000076ab00000)
  object space 123904K, 57% used [0x00000006c0000000,0x00000006c462b360,0x00000006c7900000)
 Metaspace       used 27830K, capacity 29524K, committed 29824K, reserved 1075200K
  class space    used 3365K, capacity 3645K, committed 3712K, reserved 1048576K
Event: 2690.814 GC heap after
Heap after GC invocations=11 (full 1):
 PSYoungGen      total 802816K, used 28775K [0x000000076ab00000, 0x000000079f000000, 0x00000007c0000000)
  eden space 773120K, 0% used [0x000000076ab00000,0x000000076ab00000,0x0000000799e00000)
  from space 29696K, 96% used [0x000000079be80000,0x000000079da99d70,0x000000079db80000)
  to   space 33280K, 0% used [0x0000000799e00000,0x0000000799e00000,0x000000079be80000)
 ParOldGen       total 123904K, used 99831K [0x00000006c0000000, 0x00000006c7900000, 0x000000076ab00000)
  object space 123904K, 80% used [0x00000006c0000000,0x00000006c617dd30,0x00000006c7900000)
 Metaspace       used 27830K, capacity 29524K, committed 29824K, reserved 1075200K
  class space    used 3365K, capacity 3645K, committed 3712K, reserved 1048576K
}
Event: 2690.814 GC heap before
{Heap before GC invocations=12 (full 2):
 PSYoungGen      total 802816K, used 28775K [0x000000076ab00000, 0x000000079f000000, 0x00000007c0000000)
  eden space 773120K, 0% used [0x000000076ab00000,0x000000076ab00000,0x0000000799e00000)
  from space 29696K, 96% used [0x000000079be80000,0x000000079da99d70,0x000000079db80000)
  to   space 33280K, 0% used [0x0000000799e00000,0x0000000799e00000,0x000000079be80000)
 ParOldGen       total 123904K, used 99831K [0x00000006c0000000, 0x00000006c7900000, 0x000000076ab00000)
  object space 123904K, 80% used [0x00000006c0000000,0x00000006c617dd30,0x00000006c7900000)
 Metaspace       used 27830K, capacity 29524K, committed 29824K, reserved 1075200K
  class space    used 3365K, capacity 3645K, committed 3712K, reserved 1048576K
Event: 2690.903 GC heap after
Heap after GC invocations=12 (full 2):
 PSYoungGen      total 802816K, used 0K [0x000000076ab00000, 0x000000079f000000, 0x00000007c0000000)
  eden space 773120K, 0% used [0x000000076ab00000,0x000000076ab00000,0x0000000799e00000)
  from space 29696K, 0% used [0x000000079be80000,0x000000079be80000,0x000000079db80000)
  to   space 33280K, 0% used [0x0000000799e00000,0x0000000799e00000,0x000000079be80000)
 ParOldGen       total 193536K, used 74693K [0x00000006c0000000, 0x00000006cbd00000, 0x000000076ab00000)
  object space 193536K, 38% used [0x00000006c0000000,0x00000006c48f1550,0x00000006cbd00000)
 Metaspace       used 27830K, capacity 29524K, committed 29824K, reserved 1075200K
  class space    used 3365K, capacity 3645K, committed 3712K, reserved 1048576K
}
Event: 109945.625 GC heap before
{Heap before GC invocations=13 (full 2):
 PSYoungGen      total 802816K, used 772201K [0x000000076ab00000, 0x000000079f000000, 0x00000007c0000000)
  eden space 773120K, 99% used [0x000000076ab00000,0x0000000799d1a6e8,0x0000000799e00000)
  from space 29696K, 0% used [0x000000079be80000,0x000000079be80000,0x000000079db80000)
  to   space 33280K, 0% used [0x0000000799e00000,0x0000000799e00000,0x000000079be80000)
 ParOldGen       total 193536K, used 74693K [0x00000006c0000000, 0x00000006cbd00000, 0x000000076ab00000)
  object space 193536K, 38% used [0x00000006c0000000,0x00000006c48f1550,0x00000006cbd00000)
 Metaspace       used 31451K, capacity 33096K, committed 33408K, reserved 1079296K
  class space    used 3873K, capacity 4143K, committed 4224K, reserved 1048576K
Event: 109945.802 GC heap after
Heap after GC invocations=13 (full 2):
 PSYoungGen      total 806400K, used 16258K [0x000000076ab00000, 0x00000007b7800000, 0x00000007c0000000)
  eden space 773120K, 0% used [0x000000076ab00000,0x000000076ab00000,0x0000000799e00000)
  from space 33280K, 48% used [0x0000000799e00000,0x000000079ade0a50,0x000000079be80000)
  to   space 31744K, 0% used [0x00000007b5900000,0x00000007b5900000,0x00000007b7800000)
 ParOldGen       total 193536K, used 74701K [0x00000006c0000000, 0x00000006cbd00000, 0x000000076ab00000)
  object space 193536K, 38% used [0x00000006c0000000,0x00000006c48f3550,0x00000006cbd00000)
 Metaspace       used 31451K, capacity 33096K, committed 33408K, reserved 1079296K
  class space    used 3873K, capacity 4143K, committed 4224K, reserved 1048576K
}

