# JRE version: Java(TM) SE Runtime Environment (8.0_141-b15) (build 1.8.0_141-b15)
# Java VM: Java HotSpot(TM) 64-Bit Server VM (25.141-b15 mixed mode bsd-amd64 compressed oops)
Heap:
 PSYoungGen      total 269824K, used 32471K [0x000000076ab00000, 0x000000077be00000, 0x00000007c0000000)
  eden space 261120K, 11% used [0x000000076ab00000,0x000000076c78cd58,0x000000077aa00000)
  from space 8704K, 37% used [0x000000077b380000,0x000000077b6a9290,0x000000077bc00000)
  to   space 9728K, 0% used [0x000000077aa00000,0x000000077aa00000,0x000000077b380000)
 ParOldGen       total 175104K, used 75846K [0x00000006c0000000, 0x00000006cab00000, 0x000000076ab00000)
  object space 175104K, 43% used [0x00000006c0000000,0x00000006c4a11b60,0x00000006cab00000)
 Metaspace       used 16140K, capacity 16596K, committed 16768K, reserved 1064960K
  class space    used 1967K, capacity 2070K, committed 2176K, reserved 1048576K
GC Heap History (10 events):
Event: 3.971 GC heap before
{Heap before GC invocations=2 (full 0):
 PSYoungGen      total 76288K, used 73971K [0x000000076ab00000, 0x0000000770000000, 0x00000007c0000000)
  eden space 65536K, 100% used [0x000000076ab00000,0x000000076eb00000,0x000000076eb00000)
  from space 10752K, 78% used [0x000000076eb00000,0x000000076f33ccb8,0x000000076f580000)
  to   space 10752K, 0% used [0x000000076f580000,0x000000076f580000,0x0000000770000000)
 ParOldGen       total 175104K, used 25282K [0x00000006c0000000, 0x00000006cab00000, 0x000000076ab00000)
  object space 175104K, 14% used [0x00000006c0000000,0x00000006c18b0920,0x00000006cab00000)
 Metaspace       used 11780K, capacity 12102K, committed 12288K, reserved 1060864K
  class space    used 1432K, capacity 1491K, committed 1536K, reserved 1048576K
Event: 4.005 GC heap after
Heap after GC invocations=2 (full 0):
 PSYoungGen      total 76288K, used 8323K [0x000000076ab00000, 0x0000000774000000, 0x00000007c0000000)
  eden space 65536K, 0% used [0x000000076ab00000,0x000000076ab00000,0x000000076eb00000)
  from space 10752K, 77% used [0x000000076f580000,0x000000076fda0ca8,0x0000000770000000)
  to   space 10752K, 0% used [0x000000076eb00000,0x000000076eb00000,0x000000076f580000)
 ParOldGen       total 175104K, used 75838K [0x00000006c0000000, 0x00000006cab00000, 0x000000076ab00000)
  object space 175104K, 43% used [0x00000006c0000000,0x00000006c4a0fb60,0x00000006cab00000)
 Metaspace       used 11780K, capacity 12102K, committed 12288K, reserved 1060864K
  class space    used 1432K, capacity 1491K, committed 1536K, reserved 1048576K
}
Event: 4.294 GC heap before
{Heap before GC invocations=3 (full 0):
 PSYoungGen      total 76288K, used 73859K [0x000000076ab00000, 0x0000000774000000, 0x00000007c0000000)
  eden space 65536K, 100% used [0x000000076ab00000,0x000000076eb00000,0x000000076eb00000)
  from space 10752K, 77% used [0x000000076f580000,0x000000076fda0ca8,0x0000000770000000)
  to   space 10752K, 0% used [0x000000076eb00000,0x000000076eb00000,0x000000076f580000)
 ParOldGen       total 175104K, used 75838K [0x00000006c0000000, 0x00000006cab00000, 0x000000076ab00000)
  object space 175104K, 43% used [0x00000006c0000000,0x00000006c4a0fb60,0x00000006cab00000)
 Metaspace       used 11780K, capacity 12102K, committed 12288K, reserved 1060864K
  class space    used 1432K, capacity 1491K, committed 1536K, reserved 1048576K
Event: 4.298 GC heap after
Heap after GC invocations=3 (full 0):
 PSYoungGen      total 76288K, used 8371K [0x000000076ab00000, 0x0000000774000000, 0x00000007c0000000)
  eden space 65536K, 0% used [0x000000076ab00000,0x000000076ab00000,0x000000076eb00000)
  from space 10752K, 77% used [0x000000076eb00000,0x000000076f32ccb8,0x000000076f580000)
  to   space 10752K, 0% used [0x0000000773580000,0x0000000773580000,0x0000000774000000)
 ParOldGen       total 175104K, used 75838K [0x00000006c0000000, 0x00000006cab00000, 0x000000076ab00000)
  object space 175104K, 43% used [0x00000006c0000000,0x00000006c4a0fb60,0x00000006cab00000)
 Metaspace       used 11780K, capacity 12102K, committed 12288K, reserved 1060864K
  class space    used 1432K, capacity 1491K, committed 1536K, reserved 1048576K
}
Event: 4.509 GC heap before
{Heap before GC invocations=4 (full 0):
 PSYoungGen      total 76288K, used 73907K [0x000000076ab00000, 0x0000000774000000, 0x00000007c0000000)
  eden space 65536K, 100% used [0x000000076ab00000,0x000000076eb00000,0x000000076eb00000)
  from space 10752K, 77% used [0x000000076eb00000,0x000000076f32ccb8,0x000000076f580000)
  to   space 10752K, 0% used [0x0000000773580000,0x0000000773580000,0x0000000774000000)
 ParOldGen       total 175104K, used 75838K [0x00000006c0000000, 0x00000006cab00000, 0x000000076ab00000)
  object space 175104K, 43% used [0x00000006c0000000,0x00000006c4a0fb60,0x00000006cab00000)
 Metaspace       used 11780K, capacity 12102K, committed 12288K, reserved 1060864K
  class space    used 1432K, capacity 1491K, committed 1536K, reserved 1048576K
Event: 4.524 GC heap after
Heap after GC invocations=4 (full 0):
 PSYoungGen      total 141824K, used 8371K [0x000000076ab00000, 0x0000000774000000, 0x00000007c0000000)
  eden space 131072K, 0% used [0x000000076ab00000,0x000000076ab00000,0x0000000772b00000)
  from space 10752K, 77% used [0x0000000773580000,0x0000000773daccb8,0x0000000774000000)
  to   space 10752K, 0% used [0x0000000772b00000,0x0000000772b00000,0x0000000773580000)
 ParOldGen       total 175104K, used 75838K [0x00000006c0000000, 0x00000006cab00000, 0x000000076ab00000)
  object space 175104K, 43% used [0x00000006c0000000,0x00000006c4a0fb60,0x00000006cab00000)
 Metaspace       used 11780K, capacity 12102K, committed 12288K, reserved 1060864K
  class space    used 1432K, capacity 1491K, committed 1536K, reserved 1048576K
}
Event: 4.869 GC heap before
{Heap before GC invocations=5 (full 0):
 PSYoungGen      total 141824K, used 139443K [0x000000076ab00000, 0x0000000774000000, 0x00000007c0000000)
  eden space 131072K, 100% used [0x000000076ab00000,0x0000000772b00000,0x0000000772b00000)
  from space 10752K, 77% used [0x0000000773580000,0x0000000773daccb8,0x0000000774000000)
  to   space 10752K, 0% used [0x0000000772b00000,0x0000000772b00000,0x0000000773580000)
 ParOldGen       total 175104K, used 75838K [0x00000006c0000000, 0x00000006cab00000, 0x000000076ab00000)
  object space 175104K, 43% used [0x00000006c0000000,0x00000006c4a0fb60,0x00000006cab00000)
 Metaspace       used 11780K, capacity 12102K, committed 12288K, reserved 1060864K
  class space    used 1432K, capacity 1491K, committed 1536K, reserved 1048576K
Event: 4.884 GC heap after
Heap after GC invocations=5 (full 0):
 PSYoungGen      total 141824K, used 8371K [0x000000076ab00000, 0x000000077bc00000, 0x00000007c0000000)
  eden space 131072K, 0% used [0x000000076ab00000,0x000000076ab00000,0x0000000772b00000)
  from space 10752K, 77% used [0x0000000772b00000,0x000000077332ccb8,0x0000000773580000)
  to   space 8704K, 0% used [0x000000077b380000,0x000000077b380000,0x000000077bc00000)
 ParOldGen       total 175104K, used 75838K [0x00000006c0000000, 0x00000006cab00000, 0x000000076ab00000)
  object space 175104K, 43% used [0x00000006c0000000,0x00000006c4a0fb60,0x00000006cab00000)
 Metaspace       used 11780K, capacity 12102K, committed 12288K, reserved 1060864K
  class space    used 1432K, capacity 1491K, committed 1536K, reserved 1048576K
}
Event: 14.154 GC heap before
{Heap before GC invocations=6 (full 0):
 PSYoungGen      total 141824K, used 136289K [0x000000076ab00000, 0x000000077bc00000, 0x00000007c0000000)
  eden space 131072K, 97% used [0x000000076ab00000,0x00000007727eb7b0,0x0000000772b00000)
  from space 10752K, 77% used [0x0000000772b00000,0x000000077332ccb8,0x0000000773580000)
  to   space 8704K, 0% used [0x000000077b380000,0x000000077b380000,0x000000077bc00000)
 ParOldGen       total 175104K, used 75838K [0x00000006c0000000, 0x00000006cab00000, 0x000000076ab00000)
  object space 175104K, 43% used [0x00000006c0000000,0x00000006c4a0fb60,0x00000006cab00000)
 Metaspace       used 15061K, capacity 15598K, committed 15872K, reserved 1062912K
  class space    used 1859K, capacity 1973K, committed 2048K, reserved 1048576K
Event: 14.160 GC heap after
Heap after GC invocations=6 (full 0):
 PSYoungGen      total 269824K, used 3236K [0x000000076ab00000, 0x000000077be00000, 0x00000007c0000000)
  eden space 261120K, 0% used [0x000000076ab00000,0x000000076ab00000,0x000000077aa00000)
  from space 8704K, 37% used [0x000000077b380000,0x000000077b6a9290,0x000000077bc00000)
  to   space 9728K, 0% used [0x000000077aa00000,0x000000077aa00000,0x000000077b380000)
 ParOldGen       total 175104K, used 75846K [0x00000006c0000000, 0x00000006cab00000, 0x000000076ab00000)
  object space 175104K, 43% used [0x00000006c0000000,0x00000006c4a11b60,0x00000006cab00000)
 Metaspace       used 15061K, capacity 15598K, committed 15872K, reserved 1062912K
  class space    used 1859K, capacity 1973K, committed 2048K, reserved 1048576K
}

