# JRE version: Java(TM) SE Runtime Environment (8.0_141-b15) (build 1.8.0_141-b15)
# Java VM: Java HotSpot(TM) 64-Bit Server VM (25.141-b15 mixed mode bsd-amd64 compressed oops)
Heap:
 PSYoungGen      total 512512K, used 27860K [0x000000076ab00000, 0x000000078bf00000, 0x00000007c0000000)
  eden space 502272K, 3% used [0x000000076ab00000,0x000000076bc38150,0x0000000789580000)
  from space 10240K, 99% used [0x000000078b500000,0x000000078befd098,0x000000078bf00000)
  to   space 11776K, 0% used [0x000000078a800000,0x000000078a800000,0x000000078b380000)
 ParOldGen       total 125952K, used 26249K [0x00000006c0000000, 0x00000006c7b00000, 0x000000076ab00000)
  object space 125952K, 20% used [0x00000006c0000000,0x00000006c19a27a0,0x00000006c7b00000)
 Metaspace       used 24495K, capacity 25390K, committed 25728K, reserved 1071104K
  class space    used 2919K, capacity 3083K, committed 3200K, reserved 1048576K
GC Heap History (10 events):
Event: 6.660 GC heap before
{Heap before GC invocations=5 (full 0):
 PSYoungGen      total 141824K, used 139507K [0x000000076ab00000, 0x0000000774000000, 0x00000007c0000000)
  eden space 131072K, 100% used [0x000000076ab00000,0x0000000772b00000,0x0000000772b00000)
  from space 10752K, 78% used [0x0000000773580000,0x0000000773dbcc98,0x0000000774000000)
  to   space 10752K, 0% used [0x0000000772b00000,0x0000000772b00000,0x0000000773580000)
 ParOldGen       total 175104K, used 63201K [0x00000006c0000000, 0x00000006cab00000, 0x000000076ab00000)
  object space 175104K, 36% used [0x00000006c0000000,0x00000006c3db86d0,0x00000006cab00000)
 Metaspace       used 12306K, capacity 12580K, committed 12800K, reserved 1060864K
  class space    used 1453K, capacity 1526K, committed 1536K, reserved 1048576K
Event: 6.667 GC heap after
Heap after GC invocations=5 (full 0):
 PSYoungGen      total 141824K, used 8435K [0x000000076ab00000, 0x000000077bc00000, 0x00000007c0000000)
  eden space 131072K, 0% used [0x000000076ab00000,0x000000076ab00000,0x0000000772b00000)
  from space 10752K, 78% used [0x0000000772b00000,0x000000077333cc98,0x0000000773580000)
  to   space 8704K, 0% used [0x000000077b380000,0x000000077b380000,0x000000077bc00000)
 ParOldGen       total 175104K, used 63209K [0x00000006c0000000, 0x00000006cab00000, 0x000000076ab00000)
  object space 175104K, 36% used [0x00000006c0000000,0x00000006c3dba6d0,0x00000006cab00000)
 Metaspace       used 12306K, capacity 12580K, committed 12800K, reserved 1060864K
  class space    used 1453K, capacity 1526K, committed 1536K, reserved 1048576K
}
Event: 6.758 GC heap before
{Heap before GC invocations=6 (full 0):
 PSYoungGen      total 141824K, used 139507K [0x000000076ab00000, 0x000000077bc00000, 0x00000007c0000000)
  eden space 131072K, 100% used [0x000000076ab00000,0x0000000772b00000,0x0000000772b00000)
  from space 10752K, 78% used [0x0000000772b00000,0x000000077333cc98,0x0000000773580000)
  to   space 8704K, 0% used [0x000000077b380000,0x000000077b380000,0x000000077bc00000)
 ParOldGen       total 175104K, used 63209K [0x00000006c0000000, 0x00000006cab00000, 0x000000076ab00000)
  object space 175104K, 36% used [0x00000006c0000000,0x00000006c3dba6d0,0x00000006cab00000)
 Metaspace       used 12306K, capacity 12580K, committed 12800K, reserved 1060864K
  class space    used 1453K, capacity 1526K, committed 1536K, reserved 1048576K
Event: 6.766 GC heap after
Heap after GC invocations=6 (full 0):
 PSYoungGen      total 270848K, used 8419K [0x000000076ab00000, 0x000000077bc00000, 0x00000007c0000000)
  eden space 262144K, 0% used [0x000000076ab00000,0x000000076ab00000,0x000000077ab00000)
  from space 8704K, 96% used [0x000000077b380000,0x000000077bbb8ca8,0x000000077bc00000)
  to   space 8704K, 0% used [0x000000077ab00000,0x000000077ab00000,0x000000077b380000)
 ParOldGen       total 175104K, used 63209K [0x00000006c0000000, 0x00000006cab00000, 0x000000076ab00000)
  object space 175104K, 36% used [0x00000006c0000000,0x00000006c3dba6d0,0x00000006cab00000)
 Metaspace       used 12306K, capacity 12580K, committed 12800K, reserved 1060864K
  class space    used 1453K, capacity 1526K, committed 1536K, reserved 1048576K
}
Event: 13.848 GC heap before
{Heap before GC invocations=7 (full 0):
 PSYoungGen      total 270848K, used 110526K [0x000000076ab00000, 0x000000077bc00000, 0x00000007c0000000)
  eden space 262144K, 38% used [0x000000076ab00000,0x0000000770eb6bb8,0x000000077ab00000)
  from space 8704K, 96% used [0x000000077b380000,0x000000077bbb8ca8,0x000000077bc00000)
  to   space 8704K, 0% used [0x000000077ab00000,0x000000077ab00000,0x000000077b380000)
 ParOldGen       total 175104K, used 63209K [0x00000006c0000000, 0x00000006cab00000, 0x000000076ab00000)
  object space 175104K, 36% used [0x00000006c0000000,0x00000006c3dba6d0,0x00000006cab00000)
 Metaspace       used 20642K, capacity 21160K, committed 21296K, reserved 1069056K
  class space    used 2497K, capacity 2664K, committed 2688K, reserved 1048576K
Event: 13.861 GC heap after
Heap after GC invocations=7 (full 0):
 PSYoungGen      total 270848K, used 8678K [0x000000076ab00000, 0x000000078bf00000, 0x00000007c0000000)
  eden space 262144K, 0% used [0x000000076ab00000,0x000000076ab00000,0x000000077ab00000)
  from space 8704K, 99% used [0x000000077ab00000,0x000000077b379898,0x000000077b380000)
  to   space 10240K, 0% used [0x000000078b500000,0x000000078b500000,0x000000078bf00000)
 ParOldGen       total 175104K, used 65690K [0x00000006c0000000, 0x00000006cab00000, 0x000000076ab00000)
  object space 175104K, 37% used [0x00000006c0000000,0x00000006c40269d8,0x00000006cab00000)
 Metaspace       used 20642K, capacity 21160K, committed 21296K, reserved 1069056K
  class space    used 2497K, capacity 2664K, committed 2688K, reserved 1048576K
}
Event: 13.861 GC heap before
{Heap before GC invocations=8 (full 1):
 PSYoungGen      total 270848K, used 8678K [0x000000076ab00000, 0x000000078bf00000, 0x00000007c0000000)
  eden space 262144K, 0% used [0x000000076ab00000,0x000000076ab00000,0x000000077ab00000)
  from space 8704K, 99% used [0x000000077ab00000,0x000000077b379898,0x000000077b380000)
  to   space 10240K, 0% used [0x000000078b500000,0x000000078b500000,0x000000078bf00000)
 ParOldGen       total 175104K, used 65690K [0x00000006c0000000, 0x00000006cab00000, 0x000000076ab00000)
  object space 175104K, 37% used [0x00000006c0000000,0x00000006c40269d8,0x00000006cab00000)
 Metaspace       used 20642K, capacity 21160K, committed 21296K, reserved 1069056K
  class space    used 2497K, capacity 2664K, committed 2688K, reserved 1048576K
Event: 13.900 GC heap after
Heap after GC invocations=8 (full 1):
 PSYoungGen      total 270848K, used 0K [0x000000076ab00000, 0x000000078bf00000, 0x00000007c0000000)
  eden space 262144K, 0% used [0x000000076ab00000,0x000000076ab00000,0x000000077ab00000)
  from space 8704K, 0% used [0x000000077ab00000,0x000000077ab00000,0x000000077b380000)
  to   space 10240K, 0% used [0x000000078b500000,0x000000078b500000,0x000000078bf00000)
 ParOldGen       total 125952K, used 23588K [0x00000006c0000000, 0x00000006c7b00000, 0x000000076ab00000)
  object space 125952K, 18% used [0x00000006c0000000,0x00000006c17090d8,0x00000006c7b00000)
 Metaspace       used 20638K, capacity 21154K, committed 21296K, reserved 1069056K
  class space    used 2495K, capacity 2661K, committed 2688K, reserved 1048576K
}
Event: 6036.727 GC heap before
{Heap before GC invocations=9 (full 1):
 PSYoungGen      total 270848K, used 262144K [0x000000076ab00000, 0x000000078bf00000, 0x00000007c0000000)
  eden space 262144K, 100% used [0x000000076ab00000,0x000000077ab00000,0x000000077ab00000)
  from space 8704K, 0% used [0x000000077ab00000,0x000000077ab00000,0x000000077b380000)
  to   space 10240K, 0% used [0x000000078b500000,0x000000078b500000,0x000000078bf00000)
 ParOldGen       total 125952K, used 23588K [0x00000006c0000000, 0x00000006c7b00000, 0x000000076ab00000)
  object space 125952K, 18% used [0x00000006c0000000,0x00000006c17090d8,0x00000006c7b00000)
 Metaspace       used 24495K, capacity 25390K, committed 25728K, reserved 1071104K
  class space    used 2919K, capacity 3083K, committed 3200K, reserved 1048576K
Event: 6036.763 GC heap after
Heap after GC invocations=9 (full 1):
 PSYoungGen      total 512512K, used 10228K [0x000000076ab00000, 0x000000078bf00000, 0x00000007c0000000)
  eden space 502272K, 0% used [0x000000076ab00000,0x000000076ab00000,0x0000000789580000)
  from space 10240K, 99% used [0x000000078b500000,0x000000078befd098,0x000000078bf00000)
  to   space 11776K, 0% used [0x000000078a800000,0x000000078a800000,0x000000078b380000)
 ParOldGen       total 125952K, used 26249K [0x00000006c0000000, 0x00000006c7b00000, 0x000000076ab00000)
  object space 125952K, 20% used [0x00000006c0000000,0x00000006c19a27a0,0x00000006c7b00000)
 Metaspace       used 24495K, capacity 25390K, committed 25728K, reserved 1071104K
  class space    used 2919K, capacity 3083K, committed 3200K, reserved 1048576K
}

