# JRE version: Java(TM) SE Runtime Environment (8.0_141-b15) (build 1.8.0_141-b15)
# Java VM: Java HotSpot(TM) 64-Bit Server VM (25.141-b15 mixed mode bsd-amd64 compressed oops)
Heap:
 PSYoungGen      total 129536K, used 20340K [0x000000076ab00000, 0x0000000778a00000, 0x00000007c0000000)
  eden space 118784K, 12% used [0x000000076ab00000,0x000000076ba02a88,0x0000000771f00000)
  from space 10752K, 46% used [0x0000000771f00000,0x00000007723da5a8,0x0000000772980000)
  to   space 10752K, 0% used [0x0000000777f80000,0x0000000777f80000,0x0000000778a00000)
 ParOldGen       total 205824K, used 38141K [0x00000006c0000000, 0x00000006cc900000, 0x000000076ab00000)
  object space 205824K, 18% used [0x00000006c0000000,0x00000006c253f570,0x00000006cc900000)
 Metaspace       used 25652K, capacity 27188K, committed 27520K, reserved 1073152K
  class space    used 3157K, capacity 3413K, committed 3456K, reserved 1048576K
GC Heap History (10 events):
Event: 2.690 GC heap before
{Heap before GC invocations=3 (full 1):
 PSYoungGen      total 76288K, used 2084K [0x000000076ab00000, 0x0000000774000000, 0x00000007c0000000)
  eden space 65536K, 0% used [0x000000076ab00000,0x000000076ab00000,0x000000076eb00000)
  from space 10752K, 19% used [0x000000076f580000,0x000000076f789250,0x0000000770000000)
  to   space 10752K, 0% used [0x000000076eb00000,0x000000076eb00000,0x000000076f580000)
 ParOldGen       total 175104K, used 104830K [0x00000006c0000000, 0x00000006cab00000, 0x000000076ab00000)
  object space 175104K, 59% used [0x00000006c0000000,0x00000006c665f8c0,0x00000006cab00000)
 Metaspace       used 11792K, capacity 12068K, committed 12288K, reserved 1060864K
  class space    used 1442K, capacity 1521K, committed 1536K, reserved 1048576K
Event: 2.712 GC heap after
Heap after GC invocations=3 (full 1):
 PSYoungGen      total 76288K, used 0K [0x000000076ab00000, 0x0000000774000000, 0x00000007c0000000)
  eden space 65536K, 0% used [0x000000076ab00000,0x000000076ab00000,0x000000076eb00000)
  from space 10752K, 0% used [0x000000076f580000,0x000000076f580000,0x0000000770000000)
  to   space 10752K, 0% used [0x000000076eb00000,0x000000076eb00000,0x000000076f580000)
 ParOldGen       total 187904K, used 41290K [0x00000006c0000000, 0x00000006cb780000, 0x000000076ab00000)
  object space 187904K, 21% used [0x00000006c0000000,0x00000006c2852960,0x00000006cb780000)
 Metaspace       used 11792K, capacity 12068K, committed 12288K, reserved 1060864K
  class space    used 1442K, capacity 1521K, committed 1536K, reserved 1048576K
}
Event: 6.744 GC heap before
{Heap before GC invocations=4 (full 1):
 PSYoungGen      total 76288K, used 65536K [0x000000076ab00000, 0x0000000774000000, 0x00000007c0000000)
  eden space 65536K, 100% used [0x000000076ab00000,0x000000076eb00000,0x000000076eb00000)
  from space 10752K, 0% used [0x000000076f580000,0x000000076f580000,0x0000000770000000)
  to   space 10752K, 0% used [0x000000076eb00000,0x000000076eb00000,0x000000076f580000)
 ParOldGen       total 187904K, used 41290K [0x00000006c0000000, 0x00000006cb780000, 0x000000076ab00000)
  object space 187904K, 21% used [0x00000006c0000000,0x00000006c2852960,0x00000006cb780000)
 Metaspace       used 16101K, capacity 16586K, committed 16768K, reserved 1064960K
  class space    used 1949K, capacity 2066K, committed 2176K, reserved 1048576K
Event: 6.753 GC heap after
Heap after GC invocations=4 (full 1):
 PSYoungGen      total 76288K, used 7142K [0x000000076ab00000, 0x0000000773480000, 0x00000007c0000000)
  eden space 65536K, 0% used [0x000000076ab00000,0x000000076ab00000,0x000000076eb00000)
  from space 10752K, 66% used [0x000000076eb00000,0x000000076f1f9b40,0x000000076f580000)
  to   space 10752K, 0% used [0x0000000772a00000,0x0000000772a00000,0x0000000773480000)
 ParOldGen       total 187904K, used 80603K [0x00000006c0000000, 0x00000006cb780000, 0x000000076ab00000)
  object space 187904K, 42% used [0x00000006c0000000,0x00000006c4eb6ea8,0x00000006cb780000)
 Metaspace       used 16101K, capacity 16586K, committed 16768K, reserved 1064960K
  class space    used 1949K, capacity 2066K, committed 2176K, reserved 1048576K
}
Event: 9.962 GC heap before
{Heap before GC invocations=5 (full 1):
 PSYoungGen      total 76288K, used 50831K [0x000000076ab00000, 0x0000000773480000, 0x00000007c0000000)
  eden space 65536K, 66% used [0x000000076ab00000,0x000000076d5aa3a0,0x000000076eb00000)
  from space 10752K, 66% used [0x000000076eb00000,0x000000076f1f9b40,0x000000076f580000)
  to   space 10752K, 0% used [0x0000000772a00000,0x0000000772a00000,0x0000000773480000)
 ParOldGen       total 187904K, used 80603K [0x00000006c0000000, 0x00000006cb780000, 0x000000076ab00000)
  object space 187904K, 42% used [0x00000006c0000000,0x00000006c4eb6ea8,0x00000006cb780000)
 Metaspace       used 20359K, capacity 21174K, committed 21248K, reserved 1067008K
  class space    used 2608K, capacity 2792K, committed 2816K, reserved 1048576K
Event: 9.970 GC heap after
Heap after GC invocations=5 (full 1):
 PSYoungGen      total 126976K, used 10122K [0x000000076ab00000, 0x0000000773400000, 0x00000007c0000000)
  eden space 116736K, 0% used [0x000000076ab00000,0x000000076ab00000,0x0000000771d00000)
  from space 10240K, 98% used [0x0000000772a00000,0x00000007733e2a68,0x0000000773400000)
  to   space 10752K, 0% used [0x0000000771f00000,0x0000000771f00000,0x0000000772980000)
 ParOldGen       total 187904K, used 80611K [0x00000006c0000000, 0x00000006cb780000, 0x000000076ab00000)
  object space 187904K, 42% used [0x00000006c0000000,0x00000006c4eb8ea8,0x00000006cb780000)
 Metaspace       used 20359K, capacity 21174K, committed 21248K, reserved 1067008K
  class space    used 2608K, capacity 2792K, committed 2816K, reserved 1048576K
}
Event: 9.970 GC heap before
{Heap before GC invocations=6 (full 2):
 PSYoungGen      total 126976K, used 10122K [0x000000076ab00000, 0x0000000773400000, 0x00000007c0000000)
  eden space 116736K, 0% used [0x000000076ab00000,0x000000076ab00000,0x0000000771d00000)
  from space 10240K, 98% used [0x0000000772a00000,0x00000007733e2a68,0x0000000773400000)
  to   space 10752K, 0% used [0x0000000771f00000,0x0000000771f00000,0x0000000772980000)
 ParOldGen       total 187904K, used 80611K [0x00000006c0000000, 0x00000006cb780000, 0x000000076ab00000)
  object space 187904K, 42% used [0x00000006c0000000,0x00000006c4eb8ea8,0x00000006cb780000)
 Metaspace       used 20359K, capacity 21174K, committed 21248K, reserved 1067008K
  class space    used 2608K, capacity 2792K, committed 2816K, reserved 1048576K
Event: 10.003 GC heap after
Heap after GC invocations=6 (full 2):
 PSYoungGen      total 126976K, used 0K [0x000000076ab00000, 0x0000000773400000, 0x00000007c0000000)
  eden space 116736K, 0% used [0x000000076ab00000,0x000000076ab00000,0x0000000771d00000)
  from space 10240K, 0% used [0x0000000772a00000,0x0000000772a00000,0x0000000773400000)
  to   space 10752K, 0% used [0x0000000771f00000,0x0000000771f00000,0x0000000772980000)
 ParOldGen       total 205824K, used 38125K [0x00000006c0000000, 0x00000006cc900000, 0x000000076ab00000)
  object space 205824K, 18% used [0x00000006c0000000,0x00000006c253b570,0x00000006cc900000)
 Metaspace       used 20359K, capacity 21174K, committed 21248K, reserved 1067008K
  class space    used 2608K, capacity 2792K, committed 2816K, reserved 1048576K
}
Event: 159.813 GC heap before
{Heap before GC invocations=7 (full 2):
 PSYoungGen      total 126976K, used 116736K [0x000000076ab00000, 0x0000000773400000, 0x00000007c0000000)
  eden space 116736K, 100% used [0x000000076ab00000,0x0000000771d00000,0x0000000771d00000)
  from space 10240K, 0% used [0x0000000772a00000,0x0000000772a00000,0x0000000773400000)
  to   space 10752K, 0% used [0x0000000771f00000,0x0000000771f00000,0x0000000772980000)
 ParOldGen       total 205824K, used 38125K [0x00000006c0000000, 0x00000006cc900000, 0x000000076ab00000)
  object space 205824K, 18% used [0x00000006c0000000,0x00000006c253b570,0x00000006cc900000)
 Metaspace       used 25477K, capacity 27022K, committed 27264K, reserved 1073152K
  class space    used 3129K, capacity 3380K, committed 3456K, reserved 1048576K
Event: 159.820 GC heap after
Heap after GC invocations=7 (full 2):
 PSYoungGen      total 129536K, used 4969K [0x000000076ab00000, 0x0000000778a00000, 0x00000007c0000000)
  eden space 118784K, 0% used [0x000000076ab00000,0x000000076ab00000,0x0000000771f00000)
  from space 10752K, 46% used [0x0000000771f00000,0x00000007723da5a8,0x0000000772980000)
  to   space 10752K, 0% used [0x0000000777f80000,0x0000000777f80000,0x0000000778a00000)
 ParOldGen       total 205824K, used 38141K [0x00000006c0000000, 0x00000006cc900000, 0x000000076ab00000)
  object space 205824K, 18% used [0x00000006c0000000,0x00000006c253f570,0x00000006cc900000)
 Metaspace       used 25477K, capacity 27022K, committed 27264K, reserved 1073152K
  class space    used 3129K, capacity 3380K, committed 3456K, reserved 1048576K
}

